ERROR - 2023-03-12 22:03:00 --> Error connecting to the database: mysqli_sql_exception: Unknown database 'bd_taller' in C:\xampp\htdocs\proyecto\system\Database\MySQLi\Connection.php:173
Stack trace:
#0 C:\xampp\htdocs\proyecto\system\Database\MySQLi\Connection.php(173): mysqli->real_connect('localhost', 'root', Object(SensitiveParameterValue), 'bd_taller', 3306, '', 0)
#1 C:\xampp\htdocs\proyecto\system\Database\BaseConnection.php(391): CodeIgniter\Database\MySQLi\Connection->connect(false)
#2 C:\xampp\htdocs\proyecto\system\Database\BaseConnection.php(573): CodeIgniter\Database\BaseConnection->initialize()
#3 C:\xampp\htdocs\proyecto\system\Database\BaseBuilder.php(1616): CodeIgniter\Database\BaseConnection->query('SELECT *\nFROM `...', Array, false)
#4 C:\xampp\htdocs\proyecto\system\Model.php(241): CodeIgniter\Database\BaseBuilder->get()
#5 C:\xampp\htdocs\proyecto\system\BaseModel.php(618): CodeIgniter\Model->doFindAll(0, 0)
#6 C:\xampp\htdocs\proyecto\app\Controllers\Paises.php(16): CodeIgniter\BaseModel->findAll()
#7 C:\xampp\htdocs\proyecto\system\CodeIgniter.php(934): App\Controllers\Paises->index()
#8 C:\xampp\htdocs\proyecto\system\CodeIgniter.php(499): CodeIgniter\CodeIgniter->runController(Object(App\Controllers\Paises))
#9 C:\xampp\htdocs\proyecto\system\CodeIgniter.php(368): CodeIgniter\CodeIgniter->handleRequest(NULL, Object(Config\Cache), false)
#10 C:\xampp\htdocs\proyecto\public\index.php(67): CodeIgniter\CodeIgniter->run()
#11 {main}

Next CodeIgniter\Database\Exceptions\DatabaseException: Unknown database 'bd_taller' in C:\xampp\htdocs\proyecto\system\Database\MySQLi\Connection.php:218
Stack trace:
#0 C:\xampp\htdocs\proyecto\system\Database\BaseConnection.php(391): CodeIgniter\Database\MySQLi\Connection->connect(false)
#1 C:\xampp\htdocs\proyecto\system\Database\BaseConnection.php(573): CodeIgniter\Database\BaseConnection->initialize()
#2 C:\xampp\htdocs\proyecto\system\Database\BaseBuilder.php(1616): CodeIgniter\Database\BaseConnection->query('SELECT *\nFROM `...', Array, false)
#3 C:\xampp\htdocs\proyecto\system\Model.php(241): CodeIgniter\Database\BaseBuilder->get()
#4 C:\xampp\htdocs\proyecto\system\BaseModel.php(618): CodeIgniter\Model->doFindAll(0, 0)
#5 C:\xampp\htdocs\proyecto\app\Controllers\Paises.php(16): CodeIgniter\BaseModel->findAll()
#6 C:\xampp\htdocs\proyecto\system\CodeIgniter.php(934): App\Controllers\Paises->index()
#7 C:\xampp\htdocs\proyecto\system\CodeIgniter.php(499): CodeIgniter\CodeIgniter->runController(Object(App\Controllers\Paises))
#8 C:\xampp\htdocs\proyecto\system\CodeIgniter.php(368): CodeIgniter\CodeIgniter->handleRequest(NULL, Object(Config\Cache), false)
#9 C:\xampp\htdocs\proyecto\public\index.php(67): CodeIgniter\CodeIgniter->run()
#10 {main}
CRITICAL - 2023-03-12 22:03:00 --> Unable to connect to the database.
Main connection [MySQLi]: Unknown database 'bd_taller'
in SYSTEMPATH\Database\BaseConnection.php on line 427.
 1 SYSTEMPATH\Database\BaseConnection.php(573): CodeIgniter\Database\BaseConnection->initialize()
 2 SYSTEMPATH\Database\BaseBuilder.php(1616): CodeIgniter\Database\BaseConnection->query('SELECT *
FROM `paises`
WHERE `estado` = :estado:', [...], false)
 3 SYSTEMPATH\Model.php(241): CodeIgniter\Database\BaseBuilder->get()
 4 SYSTEMPATH\BaseModel.php(618): CodeIgniter\Model->doFindAll(0, 0)
 5 APPPATH\Controllers\Paises.php(16): CodeIgniter\BaseModel->findAll()
 6 SYSTEMPATH\CodeIgniter.php(934): App\Controllers\Paises->index()
 7 SYSTEMPATH\CodeIgniter.php(499): CodeIgniter\CodeIgniter->runController(Object(App\Controllers\Paises))
 8 SYSTEMPATH\CodeIgniter.php(368): CodeIgniter\CodeIgniter->handleRequest(null, Object(Config\Cache), false)
 9 FCPATH\index.php(67): CodeIgniter\CodeIgniter->run()
CRITICAL - 2023-03-12 22:26:03 --> Undefined variable $munisipios
in APPPATH\Controllers\Municipios.php on line 17.
 1 APPPATH\Controllers\Municipios.php(17): CodeIgniter\Debug\Exceptions->errorHandler(2, 'Undefined variable $munisipios', 'APPPATH\\Controllers\\Municipios.php', 17)
 2 SYSTEMPATH\CodeIgniter.php(934): App\Controllers\Municipios->index()
 3 SYSTEMPATH\CodeIgniter.php(499): CodeIgniter\CodeIgniter->runController(Object(App\Controllers\Municipios))
 4 SYSTEMPATH\CodeIgniter.php(368): CodeIgniter\CodeIgniter->handleRequest(null, Object(Config\Cache), false)
 5 FCPATH\index.php(67): CodeIgniter\CodeIgniter->run()
CRITICAL - 2023-03-12 22:36:02 --> Undefined variable $munisipios
in APPPATH\Controllers\Municipios.php on line 17.
 1 APPPATH\Controllers\Municipios.php(17): CodeIgniter\Debug\Exceptions->errorHandler(2, 'Undefined variable $munisipios', 'APPPATH\\Controllers\\Municipios.php', 17)
 2 SYSTEMPATH\CodeIgniter.php(934): App\Controllers\Municipios->index()
 3 SYSTEMPATH\CodeIgniter.php(499): CodeIgniter\CodeIgniter->runController(Object(App\Controllers\Municipios))
 4 SYSTEMPATH\CodeIgniter.php(368): CodeIgniter\CodeIgniter->handleRequest(null, Object(Config\Cache), false)
 5 FCPATH\index.php(67): CodeIgniter\CodeIgniter->run()
CRITICAL - 2023-03-12 22:48:07 --> Undefined variable $munisipios
in APPPATH\Controllers\Municipios.php on line 17.
 1 APPPATH\Controllers\Municipios.php(17): CodeIgniter\Debug\Exceptions->errorHandler(2, 'Undefined variable $munisipios', 'APPPATH\\Controllers\\Municipios.php', 17)
 2 SYSTEMPATH\CodeIgniter.php(934): App\Controllers\Municipios->index()
 3 SYSTEMPATH\CodeIgniter.php(499): CodeIgniter\CodeIgniter->runController(Object(App\Controllers\Municipios))
 4 SYSTEMPATH\CodeIgniter.php(368): CodeIgniter\CodeIgniter->handleRequest(null, Object(Config\Cache), false)
 5 FCPATH\index.php(67): CodeIgniter\CodeIgniter->run()
CRITICAL - 2023-03-12 22:48:14 --> Undefined variable $munisipios
in APPPATH\Controllers\Municipios.php on line 17.
 1 APPPATH\Controllers\Municipios.php(17): CodeIgniter\Debug\Exceptions->errorHandler(2, 'Undefined variable $munisipios', 'APPPATH\\Controllers\\Municipios.php', 17)
 2 SYSTEMPATH\CodeIgniter.php(934): App\Controllers\Municipios->index()
 3 SYSTEMPATH\CodeIgniter.php(499): CodeIgniter\CodeIgniter->runController(Object(App\Controllers\Municipios))
 4 SYSTEMPATH\CodeIgniter.php(368): CodeIgniter\CodeIgniter->handleRequest(null, Object(Config\Cache), false)
 5 FCPATH\index.php(67): CodeIgniter\CodeIgniter->run()
CRITICAL - 2023-03-12 23:00:59 --> Attempt to assign property "" on null
in APPPATH\Views\municipios\municipios.php on line 26.
 1 SYSTEMPATH\View\View.php(213): include()
 2 SYSTEMPATH\View\View.php(216): CodeIgniter\View\View->CodeIgniter\View\{closure}()
 3 SYSTEMPATH\Common.php(1184): CodeIgniter\View\View->render('/municipios/municipios', [], true)
 4 APPPATH\Controllers\Municipios.php(19): view('/municipios/municipios', [...])
 5 SYSTEMPATH\CodeIgniter.php(934): App\Controllers\Municipios->index()
 6 SYSTEMPATH\CodeIgniter.php(499): CodeIgniter\CodeIgniter->runController(Object(App\Controllers\Municipios))
 7 SYSTEMPATH\CodeIgniter.php(368): CodeIgniter\CodeIgniter->handleRequest(null, Object(Config\Cache), false)
 8 FCPATH\index.php(67): CodeIgniter\CodeIgniter->run()
CRITICAL - 2023-03-12 23:01:03 --> Attempt to assign property "" on null
in APPPATH\Views\municipios\municipios.php on line 26.
 1 SYSTEMPATH\View\View.php(213): include()
 2 SYSTEMPATH\View\View.php(216): CodeIgniter\View\View->CodeIgniter\View\{closure}()
 3 SYSTEMPATH\Common.php(1184): CodeIgniter\View\View->render('/municipios/municipios', [], true)
 4 APPPATH\Controllers\Municipios.php(19): view('/municipios/municipios', [...])
 5 SYSTEMPATH\CodeIgniter.php(934): App\Controllers\Municipios->index()
 6 SYSTEMPATH\CodeIgniter.php(499): CodeIgniter\CodeIgniter->runController(Object(App\Controllers\Municipios))
 7 SYSTEMPATH\CodeIgniter.php(368): CodeIgniter\CodeIgniter->handleRequest(null, Object(Config\Cache), false)
 8 FCPATH\index.php(67): CodeIgniter\CodeIgniter->run()
CRITICAL - 2023-03-12 23:32:07 --> Class "App\Controllers\DepartamentosModel" not found
in APPPATH\Controllers\Departamentos.php on line 12.
 1 SYSTEMPATH\CodeIgniter.php(906): App\Controllers\Departamentos->__construct()
 2 SYSTEMPATH\CodeIgniter.php(490): CodeIgniter\CodeIgniter->createController()
 3 SYSTEMPATH\CodeIgniter.php(368): CodeIgniter\CodeIgniter->handleRequest(null, Object(Config\Cache), false)
 4 FCPATH\index.php(67): CodeIgniter\CodeIgniter->run()
CRITICAL - 2023-03-12 23:32:11 --> Class "App\Controllers\DepartamentosModel" not found
in APPPATH\Controllers\Departamentos.php on line 12.
 1 SYSTEMPATH\CodeIgniter.php(906): App\Controllers\Departamentos->__construct()
 2 SYSTEMPATH\CodeIgniter.php(490): CodeIgniter\CodeIgniter->createController()
 3 SYSTEMPATH\CodeIgniter.php(368): CodeIgniter\CodeIgniter->handleRequest(null, Object(Config\Cache), false)
 4 FCPATH\index.php(67): CodeIgniter\CodeIgniter->run()
CRITICAL - 2023-03-12 23:32:29 --> Class "App\Controllers\DepartamentosModel" not found
in APPPATH\Controllers\Departamentos.php on line 12.
 1 SYSTEMPATH\CodeIgniter.php(906): App\Controllers\Departamentos->__construct()
 2 SYSTEMPATH\CodeIgniter.php(490): CodeIgniter\CodeIgniter->createController()
 3 SYSTEMPATH\CodeIgniter.php(368): CodeIgniter\CodeIgniter->handleRequest(null, Object(Config\Cache), false)
 4 FCPATH\index.php(67): CodeIgniter\CodeIgniter->run()
ERROR - 2023-03-12 23:33:11 --> mysqli_sql_exception: Table 'bd_taller.pais' doesn't exist in C:\xampp\htdocs\proyecto\system\Database\MySQLi\Connection.php:295
Stack trace:
#0 C:\xampp\htdocs\proyecto\system\Database\MySQLi\Connection.php(295): mysqli->query('SELECT `departa...', 0)
#1 C:\xampp\htdocs\proyecto\system\Database\BaseConnection.php(691): CodeIgniter\Database\MySQLi\Connection->execute('SELECT `departa...')
#2 C:\xampp\htdocs\proyecto\system\Database\BaseConnection.php(605): CodeIgniter\Database\BaseConnection->simpleQuery('SELECT `departa...')
#3 C:\xampp\htdocs\proyecto\system\Database\BaseBuilder.php(1616): CodeIgniter\Database\BaseConnection->query('SELECT `departa...', Array, false)
#4 C:\xampp\htdocs\proyecto\system\Model.php(241): CodeIgniter\Database\BaseBuilder->get()
#5 C:\xampp\htdocs\proyecto\system\BaseModel.php(618): CodeIgniter\Model->doFindAll(0, 0)
#6 C:\xampp\htdocs\proyecto\app\Models\DepartamentosModel.php(37): CodeIgniter\BaseModel->findAll()
#7 C:\xampp\htdocs\proyecto\app\Controllers\Departamentos.php(16): App\Models\DepartamentosModel->obtenerDepartamentos()
#8 C:\xampp\htdocs\proyecto\system\CodeIgniter.php(934): App\Controllers\Departamentos->index()
#9 C:\xampp\htdocs\proyecto\system\CodeIgniter.php(499): CodeIgniter\CodeIgniter->runController(Object(App\Controllers\Departamentos))
#10 C:\xampp\htdocs\proyecto\system\CodeIgniter.php(368): CodeIgniter\CodeIgniter->handleRequest(NULL, Object(Config\Cache), false)
#11 C:\xampp\htdocs\proyecto\public\index.php(67): CodeIgniter\CodeIgniter->run()
#12 {main}
CRITICAL - 2023-03-12 23:33:11 --> Table 'bd_taller.pais' doesn't exist
in SYSTEMPATH\Database\BaseConnection.php on line 645.
 1 SYSTEMPATH\Database\BaseBuilder.php(1616): CodeIgniter\Database\BaseConnection->query('SELECT `departamentos`.*, `pais`.`nombre` as `nombre_pais`
FROM `departamentos`
JOIN `pais` ON `pais`.`id` = `departamentos`.`id_pais`
WHERE `departamentos`.`estado` = :departamentos.estado:', [...], false)
 2 SYSTEMPATH\Model.php(241): CodeIgniter\Database\BaseBuilder->get()
 3 SYSTEMPATH\BaseModel.php(618): CodeIgniter\Model->doFindAll(0, 0)
 4 APPPATH\Models\DepartamentosModel.php(37): CodeIgniter\BaseModel->findAll()
 5 APPPATH\Controllers\Departamentos.php(16): App\Models\DepartamentosModel->obtenerDepartamentos()
 6 SYSTEMPATH\CodeIgniter.php(934): App\Controllers\Departamentos->index()
 7 SYSTEMPATH\CodeIgniter.php(499): CodeIgniter\CodeIgniter->runController(Object(App\Controllers\Departamentos))
 8 SYSTEMPATH\CodeIgniter.php(368): CodeIgniter\CodeIgniter->handleRequest(null, Object(Config\Cache), false)
 9 FCPATH\index.php(67): CodeIgniter\CodeIgniter->run()
ERROR - 2023-03-12 23:33:13 --> mysqli_sql_exception: Table 'bd_taller.pais' doesn't exist in C:\xampp\htdocs\proyecto\system\Database\MySQLi\Connection.php:295
Stack trace:
#0 C:\xampp\htdocs\proyecto\system\Database\MySQLi\Connection.php(295): mysqli->query('SELECT `departa...', 0)
#1 C:\xampp\htdocs\proyecto\system\Database\BaseConnection.php(691): CodeIgniter\Database\MySQLi\Connection->execute('SELECT `departa...')
#2 C:\xampp\htdocs\proyecto\system\Database\BaseConnection.php(605): CodeIgniter\Database\BaseConnection->simpleQuery('SELECT `departa...')
#3 C:\xampp\htdocs\proyecto\system\Database\BaseBuilder.php(1616): CodeIgniter\Database\BaseConnection->query('SELECT `departa...', Array, false)
#4 C:\xampp\htdocs\proyecto\system\Model.php(241): CodeIgniter\Database\BaseBuilder->get()
#5 C:\xampp\htdocs\proyecto\system\BaseModel.php(618): CodeIgniter\Model->doFindAll(0, 0)
#6 C:\xampp\htdocs\proyecto\app\Models\DepartamentosModel.php(37): CodeIgniter\BaseModel->findAll()
#7 C:\xampp\htdocs\proyecto\app\Controllers\Departamentos.php(16): App\Models\DepartamentosModel->obtenerDepartamentos()
#8 C:\xampp\htdocs\proyecto\system\CodeIgniter.php(934): App\Controllers\Departamentos->index()
#9 C:\xampp\htdocs\proyecto\system\CodeIgniter.php(499): CodeIgniter\CodeIgniter->runController(Object(App\Controllers\Departamentos))
#10 C:\xampp\htdocs\proyecto\system\CodeIgniter.php(368): CodeIgniter\CodeIgniter->handleRequest(NULL, Object(Config\Cache), false)
#11 C:\xampp\htdocs\proyecto\public\index.php(67): CodeIgniter\CodeIgniter->run()
#12 {main}
CRITICAL - 2023-03-12 23:33:13 --> Table 'bd_taller.pais' doesn't exist
in SYSTEMPATH\Database\BaseConnection.php on line 645.
 1 SYSTEMPATH\Database\BaseBuilder.php(1616): CodeIgniter\Database\BaseConnection->query('SELECT `departamentos`.*, `pais`.`nombre` as `nombre_pais`
FROM `departamentos`
JOIN `pais` ON `pais`.`id` = `departamentos`.`id_pais`
WHERE `departamentos`.`estado` = :departamentos.estado:', [...], false)
 2 SYSTEMPATH\Model.php(241): CodeIgniter\Database\BaseBuilder->get()
 3 SYSTEMPATH\BaseModel.php(618): CodeIgniter\Model->doFindAll(0, 0)
 4 APPPATH\Models\DepartamentosModel.php(37): CodeIgniter\BaseModel->findAll()
 5 APPPATH\Controllers\Departamentos.php(16): App\Models\DepartamentosModel->obtenerDepartamentos()
 6 SYSTEMPATH\CodeIgniter.php(934): App\Controllers\Departamentos->index()
 7 SYSTEMPATH\CodeIgniter.php(499): CodeIgniter\CodeIgniter->runController(Object(App\Controllers\Departamentos))
 8 SYSTEMPATH\CodeIgniter.php(368): CodeIgniter\CodeIgniter->handleRequest(null, Object(Config\Cache), false)
 9 FCPATH\index.php(67): CodeIgniter\CodeIgniter->run()
ERROR - 2023-03-12 23:33:15 --> mysqli_sql_exception: Table 'bd_taller.pais' doesn't exist in C:\xampp\htdocs\proyecto\system\Database\MySQLi\Connection.php:295
Stack trace:
#0 C:\xampp\htdocs\proyecto\system\Database\MySQLi\Connection.php(295): mysqli->query('SELECT `departa...', 0)
#1 C:\xampp\htdocs\proyecto\system\Database\BaseConnection.php(691): CodeIgniter\Database\MySQLi\Connection->execute('SELECT `departa...')
#2 C:\xampp\htdocs\proyecto\system\Database\BaseConnection.php(605): CodeIgniter\Database\BaseConnection->simpleQuery('SELECT `departa...')
#3 C:\xampp\htdocs\proyecto\system\Database\BaseBuilder.php(1616): CodeIgniter\Database\BaseConnection->query('SELECT `departa...', Array, false)
#4 C:\xampp\htdocs\proyecto\system\Model.php(241): CodeIgniter\Database\BaseBuilder->get()
#5 C:\xampp\htdocs\proyecto\system\BaseModel.php(618): CodeIgniter\Model->doFindAll(0, 0)
#6 C:\xampp\htdocs\proyecto\app\Models\DepartamentosModel.php(37): CodeIgniter\BaseModel->findAll()
#7 C:\xampp\htdocs\proyecto\app\Controllers\Departamentos.php(16): App\Models\DepartamentosModel->obtenerDepartamentos()
#8 C:\xampp\htdocs\proyecto\system\CodeIgniter.php(934): App\Controllers\Departamentos->index()
#9 C:\xampp\htdocs\proyecto\system\CodeIgniter.php(499): CodeIgniter\CodeIgniter->runController(Object(App\Controllers\Departamentos))
#10 C:\xampp\htdocs\proyecto\system\CodeIgniter.php(368): CodeIgniter\CodeIgniter->handleRequest(NULL, Object(Config\Cache), false)
#11 C:\xampp\htdocs\proyecto\public\index.php(67): CodeIgniter\CodeIgniter->run()
#12 {main}
CRITICAL - 2023-03-12 23:33:15 --> Table 'bd_taller.pais' doesn't exist
in SYSTEMPATH\Database\BaseConnection.php on line 645.
 1 SYSTEMPATH\Database\BaseBuilder.php(1616): CodeIgniter\Database\BaseConnection->query('SELECT `departamentos`.*, `pais`.`nombre` as `nombre_pais`
FROM `departamentos`
JOIN `pais` ON `pais`.`id` = `departamentos`.`id_pais`
WHERE `departamentos`.`estado` = :departamentos.estado:', [...], false)
 2 SYSTEMPATH\Model.php(241): CodeIgniter\Database\BaseBuilder->get()
 3 SYSTEMPATH\BaseModel.php(618): CodeIgniter\Model->doFindAll(0, 0)
 4 APPPATH\Models\DepartamentosModel.php(37): CodeIgniter\BaseModel->findAll()
 5 APPPATH\Controllers\Departamentos.php(16): App\Models\DepartamentosModel->obtenerDepartamentos()
 6 SYSTEMPATH\CodeIgniter.php(934): App\Controllers\Departamentos->index()
 7 SYSTEMPATH\CodeIgniter.php(499): CodeIgniter\CodeIgniter->runController(Object(App\Controllers\Departamentos))
 8 SYSTEMPATH\CodeIgniter.php(368): CodeIgniter\CodeIgniter->handleRequest(null, Object(Config\Cache), false)
 9 FCPATH\index.php(67): CodeIgniter\CodeIgniter->run()
ERROR - 2023-03-12 23:33:18 --> mysqli_sql_exception: Table 'bd_taller.pais' doesn't exist in C:\xampp\htdocs\proyecto\system\Database\MySQLi\Connection.php:295
Stack trace:
#0 C:\xampp\htdocs\proyecto\system\Database\MySQLi\Connection.php(295): mysqli->query('SELECT `departa...', 0)
#1 C:\xampp\htdocs\proyecto\system\Database\BaseConnection.php(691): CodeIgniter\Database\MySQLi\Connection->execute('SELECT `departa...')
#2 C:\xampp\htdocs\proyecto\system\Database\BaseConnection.php(605): CodeIgniter\Database\BaseConnection->simpleQuery('SELECT `departa...')
#3 C:\xampp\htdocs\proyecto\system\Database\BaseBuilder.php(1616): CodeIgniter\Database\BaseConnection->query('SELECT `departa...', Array, false)
#4 C:\xampp\htdocs\proyecto\system\Model.php(241): CodeIgniter\Database\BaseBuilder->get()
#5 C:\xampp\htdocs\proyecto\system\BaseModel.php(618): CodeIgniter\Model->doFindAll(0, 0)
#6 C:\xampp\htdocs\proyecto\app\Models\DepartamentosModel.php(37): CodeIgniter\BaseModel->findAll()
#7 C:\xampp\htdocs\proyecto\app\Controllers\Departamentos.php(16): App\Models\DepartamentosModel->obtenerDepartamentos()
#8 C:\xampp\htdocs\proyecto\system\CodeIgniter.php(934): App\Controllers\Departamentos->index()
#9 C:\xampp\htdocs\proyecto\system\CodeIgniter.php(499): CodeIgniter\CodeIgniter->runController(Object(App\Controllers\Departamentos))
#10 C:\xampp\htdocs\proyecto\system\CodeIgniter.php(368): CodeIgniter\CodeIgniter->handleRequest(NULL, Object(Config\Cache), false)
#11 C:\xampp\htdocs\proyecto\public\index.php(67): CodeIgniter\CodeIgniter->run()
#12 {main}
CRITICAL - 2023-03-12 23:33:18 --> Table 'bd_taller.pais' doesn't exist
in SYSTEMPATH\Database\BaseConnection.php on line 645.
 1 SYSTEMPATH\Database\BaseBuilder.php(1616): CodeIgniter\Database\BaseConnection->query('SELECT `departamentos`.*, `pais`.`nombre` as `nombre_pais`
FROM `departamentos`
JOIN `pais` ON `pais`.`id` = `departamentos`.`id_pais`
WHERE `departamentos`.`estado` = :departamentos.estado:', [...], false)
 2 SYSTEMPATH\Model.php(241): CodeIgniter\Database\BaseBuilder->get()
 3 SYSTEMPATH\BaseModel.php(618): CodeIgniter\Model->doFindAll(0, 0)
 4 APPPATH\Models\DepartamentosModel.php(37): CodeIgniter\BaseModel->findAll()
 5 APPPATH\Controllers\Departamentos.php(16): App\Models\DepartamentosModel->obtenerDepartamentos()
 6 SYSTEMPATH\CodeIgniter.php(934): App\Controllers\Departamentos->index()
 7 SYSTEMPATH\CodeIgniter.php(499): CodeIgniter\CodeIgniter->runController(Object(App\Controllers\Departamentos))
 8 SYSTEMPATH\CodeIgniter.php(368): CodeIgniter\CodeIgniter->handleRequest(null, Object(Config\Cache), false)
 9 FCPATH\index.php(67): CodeIgniter\CodeIgniter->run()
ERROR - 2023-03-12 23:35:38 --> mysqli_sql_exception: Table 'bd_taller.pais' doesn't exist in C:\xampp\htdocs\proyecto\system\Database\MySQLi\Connection.php:295
Stack trace:
#0 C:\xampp\htdocs\proyecto\system\Database\MySQLi\Connection.php(295): mysqli->query('SELECT `departa...', 0)
#1 C:\xampp\htdocs\proyecto\system\Database\BaseConnection.php(691): CodeIgniter\Database\MySQLi\Connection->execute('SELECT `departa...')
#2 C:\xampp\htdocs\proyecto\system\Database\BaseConnection.php(605): CodeIgniter\Database\BaseConnection->simpleQuery('SELECT `departa...')
#3 C:\xampp\htdocs\proyecto\system\Database\BaseBuilder.php(1616): CodeIgniter\Database\BaseConnection->query('SELECT `departa...', Array, false)
#4 C:\xampp\htdocs\proyecto\system\Model.php(241): CodeIgniter\Database\BaseBuilder->get()
#5 C:\xampp\htdocs\proyecto\system\BaseModel.php(618): CodeIgniter\Model->doFindAll(0, 0)
#6 C:\xampp\htdocs\proyecto\app\Models\DepartamentosModel.php(37): CodeIgniter\BaseModel->findAll()
#7 C:\xampp\htdocs\proyecto\app\Controllers\Departamentos.php(16): App\Models\DepartamentosModel->obtenerDepartamentos()
#8 C:\xampp\htdocs\proyecto\system\CodeIgniter.php(934): App\Controllers\Departamentos->index()
#9 C:\xampp\htdocs\proyecto\system\CodeIgniter.php(499): CodeIgniter\CodeIgniter->runController(Object(App\Controllers\Departamentos))
#10 C:\xampp\htdocs\proyecto\system\CodeIgniter.php(368): CodeIgniter\CodeIgniter->handleRequest(NULL, Object(Config\Cache), false)
#11 C:\xampp\htdocs\proyecto\public\index.php(67): CodeIgniter\CodeIgniter->run()
#12 {main}
CRITICAL - 2023-03-12 23:35:38 --> Table 'bd_taller.pais' doesn't exist
in SYSTEMPATH\Database\BaseConnection.php on line 645.
 1 SYSTEMPATH\Database\BaseBuilder.php(1616): CodeIgniter\Database\BaseConnection->query('SELECT `departamentos`.*, `pais`.`nombre` as `q`
FROM `departamentos`
JOIN `pais` ON `pais`.`id` = `departamentos`.`id_pais`
WHERE `departamentos`.`estado` = :departamentos.estado:', [...], false)
 2 SYSTEMPATH\Model.php(241): CodeIgniter\Database\BaseBuilder->get()
 3 SYSTEMPATH\BaseModel.php(618): CodeIgniter\Model->doFindAll(0, 0)
 4 APPPATH\Models\DepartamentosModel.php(37): CodeIgniter\BaseModel->findAll()
 5 APPPATH\Controllers\Departamentos.php(16): App\Models\DepartamentosModel->obtenerDepartamentos()
 6 SYSTEMPATH\CodeIgniter.php(934): App\Controllers\Departamentos->index()
 7 SYSTEMPATH\CodeIgniter.php(499): CodeIgniter\CodeIgniter->runController(Object(App\Controllers\Departamentos))
 8 SYSTEMPATH\CodeIgniter.php(368): CodeIgniter\CodeIgniter->handleRequest(null, Object(Config\Cache), false)
 9 FCPATH\index.php(67): CodeIgniter\CodeIgniter->run()
ERROR - 2023-03-12 23:35:39 --> mysqli_sql_exception: Table 'bd_taller.pais' doesn't exist in C:\xampp\htdocs\proyecto\system\Database\MySQLi\Connection.php:295
Stack trace:
#0 C:\xampp\htdocs\proyecto\system\Database\MySQLi\Connection.php(295): mysqli->query('SELECT `departa...', 0)
#1 C:\xampp\htdocs\proyecto\system\Database\BaseConnection.php(691): CodeIgniter\Database\MySQLi\Connection->execute('SELECT `departa...')
#2 C:\xampp\htdocs\proyecto\system\Database\BaseConnection.php(605): CodeIgniter\Database\BaseConnection->simpleQuery('SELECT `departa...')
#3 C:\xampp\htdocs\proyecto\system\Database\BaseBuilder.php(1616): CodeIgniter\Database\BaseConnection->query('SELECT `departa...', Array, false)
#4 C:\xampp\htdocs\proyecto\system\Model.php(241): CodeIgniter\Database\BaseBuilder->get()
#5 C:\xampp\htdocs\proyecto\system\BaseModel.php(618): CodeIgniter\Model->doFindAll(0, 0)
#6 C:\xampp\htdocs\proyecto\app\Models\DepartamentosModel.php(37): CodeIgniter\BaseModel->findAll()
#7 C:\xampp\htdocs\proyecto\app\Controllers\Departamentos.php(16): App\Models\DepartamentosModel->obtenerDepartamentos()
#8 C:\xampp\htdocs\proyecto\system\CodeIgniter.php(934): App\Controllers\Departamentos->index()
#9 C:\xampp\htdocs\proyecto\system\CodeIgniter.php(499): CodeIgniter\CodeIgniter->runController(Object(App\Controllers\Departamentos))
#10 C:\xampp\htdocs\proyecto\system\CodeIgniter.php(368): CodeIgniter\CodeIgniter->handleRequest(NULL, Object(Config\Cache), false)
#11 C:\xampp\htdocs\proyecto\public\index.php(67): CodeIgniter\CodeIgniter->run()
#12 {main}
CRITICAL - 2023-03-12 23:35:39 --> Table 'bd_taller.pais' doesn't exist
in SYSTEMPATH\Database\BaseConnection.php on line 645.
 1 SYSTEMPATH\Database\BaseBuilder.php(1616): CodeIgniter\Database\BaseConnection->query('SELECT `departamentos`.*, `pais`.`nombre` as `q`
FROM `departamentos`
JOIN `pais` ON `pais`.`id` = `departamentos`.`id_pais`
WHERE `departamentos`.`estado` = :departamentos.estado:', [...], false)
 2 SYSTEMPATH\Model.php(241): CodeIgniter\Database\BaseBuilder->get()
 3 SYSTEMPATH\BaseModel.php(618): CodeIgniter\Model->doFindAll(0, 0)
 4 APPPATH\Models\DepartamentosModel.php(37): CodeIgniter\BaseModel->findAll()
 5 APPPATH\Controllers\Departamentos.php(16): App\Models\DepartamentosModel->obtenerDepartamentos()
 6 SYSTEMPATH\CodeIgniter.php(934): App\Controllers\Departamentos->index()
 7 SYSTEMPATH\CodeIgniter.php(499): CodeIgniter\CodeIgniter->runController(Object(App\Controllers\Departamentos))
 8 SYSTEMPATH\CodeIgniter.php(368): CodeIgniter\CodeIgniter->handleRequest(null, Object(Config\Cache), false)
 9 FCPATH\index.php(67): CodeIgniter\CodeIgniter->run()
ERROR - 2023-03-12 23:35:39 --> mysqli_sql_exception: Table 'bd_taller.pais' doesn't exist in C:\xampp\htdocs\proyecto\system\Database\MySQLi\Connection.php:295
Stack trace:
#0 C:\xampp\htdocs\proyecto\system\Database\MySQLi\Connection.php(295): mysqli->query('SELECT `departa...', 0)
#1 C:\xampp\htdocs\proyecto\system\Database\BaseConnection.php(691): CodeIgniter\Database\MySQLi\Connection->execute('SELECT `departa...')
#2 C:\xampp\htdocs\proyecto\system\Database\BaseConnection.php(605): CodeIgniter\Database\BaseConnection->simpleQuery('SELECT `departa...')
#3 C:\xampp\htdocs\proyecto\system\Database\BaseBuilder.php(1616): CodeIgniter\Database\BaseConnection->query('SELECT `departa...', Array, false)
#4 C:\xampp\htdocs\proyecto\system\Model.php(241): CodeIgniter\Database\BaseBuilder->get()
#5 C:\xampp\htdocs\proyecto\system\BaseModel.php(618): CodeIgniter\Model->doFindAll(0, 0)
#6 C:\xampp\htdocs\proyecto\app\Models\DepartamentosModel.php(37): CodeIgniter\BaseModel->findAll()
#7 C:\xampp\htdocs\proyecto\app\Controllers\Departamentos.php(16): App\Models\DepartamentosModel->obtenerDepartamentos()
#8 C:\xampp\htdocs\proyecto\system\CodeIgniter.php(934): App\Controllers\Departamentos->index()
#9 C:\xampp\htdocs\proyecto\system\CodeIgniter.php(499): CodeIgniter\CodeIgniter->runController(Object(App\Controllers\Departamentos))
#10 C:\xampp\htdocs\proyecto\system\CodeIgniter.php(368): CodeIgniter\CodeIgniter->handleRequest(NULL, Object(Config\Cache), false)
#11 C:\xampp\htdocs\proyecto\public\index.php(67): CodeIgniter\CodeIgniter->run()
#12 {main}
CRITICAL - 2023-03-12 23:35:39 --> Table 'bd_taller.pais' doesn't exist
in SYSTEMPATH\Database\BaseConnection.php on line 645.
 1 SYSTEMPATH\Database\BaseBuilder.php(1616): CodeIgniter\Database\BaseConnection->query('SELECT `departamentos`.*, `pais`.`nombre` as `q`
FROM `departamentos`
JOIN `pais` ON `pais`.`id` = `departamentos`.`id_pais`
WHERE `departamentos`.`estado` = :departamentos.estado:', [...], false)
 2 SYSTEMPATH\Model.php(241): CodeIgniter\Database\BaseBuilder->get()
 3 SYSTEMPATH\BaseModel.php(618): CodeIgniter\Model->doFindAll(0, 0)
 4 APPPATH\Models\DepartamentosModel.php(37): CodeIgniter\BaseModel->findAll()
 5 APPPATH\Controllers\Departamentos.php(16): App\Models\DepartamentosModel->obtenerDepartamentos()
 6 SYSTEMPATH\CodeIgniter.php(934): App\Controllers\Departamentos->index()
 7 SYSTEMPATH\CodeIgniter.php(499): CodeIgniter\CodeIgniter->runController(Object(App\Controllers\Departamentos))
 8 SYSTEMPATH\CodeIgniter.php(368): CodeIgniter\CodeIgniter->handleRequest(null, Object(Config\Cache), false)
 9 FCPATH\index.php(67): CodeIgniter\CodeIgniter->run()
ERROR - 2023-03-12 23:36:30 --> mysqli_sql_exception: Table 'bd_taller.pais' doesn't exist in C:\xampp\htdocs\proyecto\system\Database\MySQLi\Connection.php:295
Stack trace:
#0 C:\xampp\htdocs\proyecto\system\Database\MySQLi\Connection.php(295): mysqli->query('SELECT `departa...', 0)
#1 C:\xampp\htdocs\proyecto\system\Database\BaseConnection.php(691): CodeIgniter\Database\MySQLi\Connection->execute('SELECT `departa...')
#2 C:\xampp\htdocs\proyecto\system\Database\BaseConnection.php(605): CodeIgniter\Database\BaseConnection->simpleQuery('SELECT `departa...')
#3 C:\xampp\htdocs\proyecto\system\Database\BaseBuilder.php(1616): CodeIgniter\Database\BaseConnection->query('SELECT `departa...', Array, false)
#4 C:\xampp\htdocs\proyecto\system\Model.php(241): CodeIgniter\Database\BaseBuilder->get()
#5 C:\xampp\htdocs\proyecto\system\BaseModel.php(618): CodeIgniter\Model->doFindAll(0, 0)
#6 C:\xampp\htdocs\proyecto\app\Models\DepartamentosModel.php(37): CodeIgniter\BaseModel->findAll()
#7 C:\xampp\htdocs\proyecto\app\Controllers\Departamentos.php(16): App\Models\DepartamentosModel->obtenerDepartamentos()
#8 C:\xampp\htdocs\proyecto\system\CodeIgniter.php(934): App\Controllers\Departamentos->index()
#9 C:\xampp\htdocs\proyecto\system\CodeIgniter.php(499): CodeIgniter\CodeIgniter->runController(Object(App\Controllers\Departamentos))
#10 C:\xampp\htdocs\proyecto\system\CodeIgniter.php(368): CodeIgniter\CodeIgniter->handleRequest(NULL, Object(Config\Cache), false)
#11 C:\xampp\htdocs\proyecto\public\index.php(67): CodeIgniter\CodeIgniter->run()
#12 {main}
CRITICAL - 2023-03-12 23:36:30 --> Table 'bd_taller.pais' doesn't exist
in SYSTEMPATH\Database\BaseConnection.php on line 645.
 1 SYSTEMPATH\Database\BaseBuilder.php(1616): CodeIgniter\Database\BaseConnection->query('SELECT `departamentos`.*, `pais`.`nombre` as `nombre_pais`
FROM `departamentos`
JOIN `pais` ON `pais`.`id` = `departamentos`.`id_pais`
WHERE `departamentos`.`estado` = :departamentos.estado:', [...], false)
 2 SYSTEMPATH\Model.php(241): CodeIgniter\Database\BaseBuilder->get()
 3 SYSTEMPATH\BaseModel.php(618): CodeIgniter\Model->doFindAll(0, 0)
 4 APPPATH\Models\DepartamentosModel.php(37): CodeIgniter\BaseModel->findAll()
 5 APPPATH\Controllers\Departamentos.php(16): App\Models\DepartamentosModel->obtenerDepartamentos()
 6 SYSTEMPATH\CodeIgniter.php(934): App\Controllers\Departamentos->index()
 7 SYSTEMPATH\CodeIgniter.php(499): CodeIgniter\CodeIgniter->runController(Object(App\Controllers\Departamentos))
 8 SYSTEMPATH\CodeIgniter.php(368): CodeIgniter\CodeIgniter->handleRequest(null, Object(Config\Cache), false)
 9 FCPATH\index.php(67): CodeIgniter\CodeIgniter->run()
ERROR - 2023-03-12 23:36:30 --> mysqli_sql_exception: Table 'bd_taller.pais' doesn't exist in C:\xampp\htdocs\proyecto\system\Database\MySQLi\Connection.php:295
Stack trace:
#0 C:\xampp\htdocs\proyecto\system\Database\MySQLi\Connection.php(295): mysqli->query('SELECT `departa...', 0)
#1 C:\xampp\htdocs\proyecto\system\Database\BaseConnection.php(691): CodeIgniter\Database\MySQLi\Connection->execute('SELECT `departa...')
#2 C:\xampp\htdocs\proyecto\system\Database\BaseConnection.php(605): CodeIgniter\Database\BaseConnection->simpleQuery('SELECT `departa...')
#3 C:\xampp\htdocs\proyecto\system\Database\BaseBuilder.php(1616): CodeIgniter\Database\BaseConnection->query('SELECT `departa...', Array, false)
#4 C:\xampp\htdocs\proyecto\system\Model.php(241): CodeIgniter\Database\BaseBuilder->get()
#5 C:\xampp\htdocs\proyecto\system\BaseModel.php(618): CodeIgniter\Model->doFindAll(0, 0)
#6 C:\xampp\htdocs\proyecto\app\Models\DepartamentosModel.php(37): CodeIgniter\BaseModel->findAll()
#7 C:\xampp\htdocs\proyecto\app\Controllers\Departamentos.php(16): App\Models\DepartamentosModel->obtenerDepartamentos()
#8 C:\xampp\htdocs\proyecto\system\CodeIgniter.php(934): App\Controllers\Departamentos->index()
#9 C:\xampp\htdocs\proyecto\system\CodeIgniter.php(499): CodeIgniter\CodeIgniter->runController(Object(App\Controllers\Departamentos))
#10 C:\xampp\htdocs\proyecto\system\CodeIgniter.php(368): CodeIgniter\CodeIgniter->handleRequest(NULL, Object(Config\Cache), false)
#11 C:\xampp\htdocs\proyecto\public\index.php(67): CodeIgniter\CodeIgniter->run()
#12 {main}
CRITICAL - 2023-03-12 23:36:30 --> Table 'bd_taller.pais' doesn't exist
in SYSTEMPATH\Database\BaseConnection.php on line 645.
 1 SYSTEMPATH\Database\BaseBuilder.php(1616): CodeIgniter\Database\BaseConnection->query('SELECT `departamentos`.*, `pais`.`nombre` as `nombre_pais`
FROM `departamentos`
JOIN `pais` ON `pais`.`id` = `departamentos`.`id_pais`
WHERE `departamentos`.`estado` = :departamentos.estado:', [...], false)
 2 SYSTEMPATH\Model.php(241): CodeIgniter\Database\BaseBuilder->get()
 3 SYSTEMPATH\BaseModel.php(618): CodeIgniter\Model->doFindAll(0, 0)
 4 APPPATH\Models\DepartamentosModel.php(37): CodeIgniter\BaseModel->findAll()
 5 APPPATH\Controllers\Departamentos.php(16): App\Models\DepartamentosModel->obtenerDepartamentos()
 6 SYSTEMPATH\CodeIgniter.php(934): App\Controllers\Departamentos->index()
 7 SYSTEMPATH\CodeIgniter.php(499): CodeIgniter\CodeIgniter->runController(Object(App\Controllers\Departamentos))
 8 SYSTEMPATH\CodeIgniter.php(368): CodeIgniter\CodeIgniter->handleRequest(null, Object(Config\Cache), false)
 9 FCPATH\index.php(67): CodeIgniter\CodeIgniter->run()
ERROR - 2023-03-12 23:36:30 --> mysqli_sql_exception: Table 'bd_taller.pais' doesn't exist in C:\xampp\htdocs\proyecto\system\Database\MySQLi\Connection.php:295
Stack trace:
#0 C:\xampp\htdocs\proyecto\system\Database\MySQLi\Connection.php(295): mysqli->query('SELECT `departa...', 0)
#1 C:\xampp\htdocs\proyecto\system\Database\BaseConnection.php(691): CodeIgniter\Database\MySQLi\Connection->execute('SELECT `departa...')
#2 C:\xampp\htdocs\proyecto\system\Database\BaseConnection.php(605): CodeIgniter\Database\BaseConnection->simpleQuery('SELECT `departa...')
#3 C:\xampp\htdocs\proyecto\system\Database\BaseBuilder.php(1616): CodeIgniter\Database\BaseConnection->query('SELECT `departa...', Array, false)
#4 C:\xampp\htdocs\proyecto\system\Model.php(241): CodeIgniter\Database\BaseBuilder->get()
#5 C:\xampp\htdocs\proyecto\system\BaseModel.php(618): CodeIgniter\Model->doFindAll(0, 0)
#6 C:\xampp\htdocs\proyecto\app\Models\DepartamentosModel.php(37): CodeIgniter\BaseModel->findAll()
#7 C:\xampp\htdocs\proyecto\app\Controllers\Departamentos.php(16): App\Models\DepartamentosModel->obtenerDepartamentos()
#8 C:\xampp\htdocs\proyecto\system\CodeIgniter.php(934): App\Controllers\Departamentos->index()
#9 C:\xampp\htdocs\proyecto\system\CodeIgniter.php(499): CodeIgniter\CodeIgniter->runController(Object(App\Controllers\Departamentos))
#10 C:\xampp\htdocs\proyecto\system\CodeIgniter.php(368): CodeIgniter\CodeIgniter->handleRequest(NULL, Object(Config\Cache), false)
#11 C:\xampp\htdocs\proyecto\public\index.php(67): CodeIgniter\CodeIgniter->run()
#12 {main}
CRITICAL - 2023-03-12 23:36:30 --> Table 'bd_taller.pais' doesn't exist
in SYSTEMPATH\Database\BaseConnection.php on line 645.
 1 SYSTEMPATH\Database\BaseBuilder.php(1616): CodeIgniter\Database\BaseConnection->query('SELECT `departamentos`.*, `pais`.`nombre` as `nombre_pais`
FROM `departamentos`
JOIN `pais` ON `pais`.`id` = `departamentos`.`id_pais`
WHERE `departamentos`.`estado` = :departamentos.estado:', [...], false)
 2 SYSTEMPATH\Model.php(241): CodeIgniter\Database\BaseBuilder->get()
 3 SYSTEMPATH\BaseModel.php(618): CodeIgniter\Model->doFindAll(0, 0)
 4 APPPATH\Models\DepartamentosModel.php(37): CodeIgniter\BaseModel->findAll()
 5 APPPATH\Controllers\Departamentos.php(16): App\Models\DepartamentosModel->obtenerDepartamentos()
 6 SYSTEMPATH\CodeIgniter.php(934): App\Controllers\Departamentos->index()
 7 SYSTEMPATH\CodeIgniter.php(499): CodeIgniter\CodeIgniter->runController(Object(App\Controllers\Departamentos))
 8 SYSTEMPATH\CodeIgniter.php(368): CodeIgniter\CodeIgniter->handleRequest(null, Object(Config\Cache), false)
 9 FCPATH\index.php(67): CodeIgniter\CodeIgniter->run()
ERROR - 2023-03-12 23:36:30 --> mysqli_sql_exception: Table 'bd_taller.pais' doesn't exist in C:\xampp\htdocs\proyecto\system\Database\MySQLi\Connection.php:295
Stack trace:
#0 C:\xampp\htdocs\proyecto\system\Database\MySQLi\Connection.php(295): mysqli->query('SELECT `departa...', 0)
#1 C:\xampp\htdocs\proyecto\system\Database\BaseConnection.php(691): CodeIgniter\Database\MySQLi\Connection->execute('SELECT `departa...')
#2 C:\xampp\htdocs\proyecto\system\Database\BaseConnection.php(605): CodeIgniter\Database\BaseConnection->simpleQuery('SELECT `departa...')
#3 C:\xampp\htdocs\proyecto\system\Database\BaseBuilder.php(1616): CodeIgniter\Database\BaseConnection->query('SELECT `departa...', Array, false)
#4 C:\xampp\htdocs\proyecto\system\Model.php(241): CodeIgniter\Database\BaseBuilder->get()
#5 C:\xampp\htdocs\proyecto\system\BaseModel.php(618): CodeIgniter\Model->doFindAll(0, 0)
#6 C:\xampp\htdocs\proyecto\app\Models\DepartamentosModel.php(37): CodeIgniter\BaseModel->findAll()
#7 C:\xampp\htdocs\proyecto\app\Controllers\Departamentos.php(16): App\Models\DepartamentosModel->obtenerDepartamentos()
#8 C:\xampp\htdocs\proyecto\system\CodeIgniter.php(934): App\Controllers\Departamentos->index()
#9 C:\xampp\htdocs\proyecto\system\CodeIgniter.php(499): CodeIgniter\CodeIgniter->runController(Object(App\Controllers\Departamentos))
#10 C:\xampp\htdocs\proyecto\system\CodeIgniter.php(368): CodeIgniter\CodeIgniter->handleRequest(NULL, Object(Config\Cache), false)
#11 C:\xampp\htdocs\proyecto\public\index.php(67): CodeIgniter\CodeIgniter->run()
#12 {main}
CRITICAL - 2023-03-12 23:36:30 --> Table 'bd_taller.pais' doesn't exist
in SYSTEMPATH\Database\BaseConnection.php on line 645.
 1 SYSTEMPATH\Database\BaseBuilder.php(1616): CodeIgniter\Database\BaseConnection->query('SELECT `departamentos`.*, `pais`.`nombre` as `nombre_pais`
FROM `departamentos`
JOIN `pais` ON `pais`.`id` = `departamentos`.`id_pais`
WHERE `departamentos`.`estado` = :departamentos.estado:', [...], false)
 2 SYSTEMPATH\Model.php(241): CodeIgniter\Database\BaseBuilder->get()
 3 SYSTEMPATH\BaseModel.php(618): CodeIgniter\Model->doFindAll(0, 0)
 4 APPPATH\Models\DepartamentosModel.php(37): CodeIgniter\BaseModel->findAll()
 5 APPPATH\Controllers\Departamentos.php(16): App\Models\DepartamentosModel->obtenerDepartamentos()
 6 SYSTEMPATH\CodeIgniter.php(934): App\Controllers\Departamentos->index()
 7 SYSTEMPATH\CodeIgniter.php(499): CodeIgniter\CodeIgniter->runController(Object(App\Controllers\Departamentos))
 8 SYSTEMPATH\CodeIgniter.php(368): CodeIgniter\CodeIgniter->handleRequest(null, Object(Config\Cache), false)
 9 FCPATH\index.php(67): CodeIgniter\CodeIgniter->run()
ERROR - 2023-03-12 23:47:01 --> mysqli_sql_exception: Table 'bd_taller.pais' doesn't exist in C:\xampp\htdocs\proyecto\system\Database\MySQLi\Connection.php:295
Stack trace:
#0 C:\xampp\htdocs\proyecto\system\Database\MySQLi\Connection.php(295): mysqli->query('SELECT `departa...', 0)
#1 C:\xampp\htdocs\proyecto\system\Database\BaseConnection.php(691): CodeIgniter\Database\MySQLi\Connection->execute('SELECT `departa...')
#2 C:\xampp\htdocs\proyecto\system\Database\BaseConnection.php(605): CodeIgniter\Database\BaseConnection->simpleQuery('SELECT `departa...')
#3 C:\xampp\htdocs\proyecto\system\Database\BaseBuilder.php(1616): CodeIgniter\Database\BaseConnection->query('SELECT `departa...', Array, false)
#4 C:\xampp\htdocs\proyecto\system\Model.php(241): CodeIgniter\Database\BaseBuilder->get()
#5 C:\xampp\htdocs\proyecto\system\BaseModel.php(618): CodeIgniter\Model->doFindAll(0, 0)
#6 C:\xampp\htdocs\proyecto\app\Models\DepartamentosModel.php(37): CodeIgniter\BaseModel->findAll()
#7 C:\xampp\htdocs\proyecto\app\Controllers\Departamentos.php(16): App\Models\DepartamentosModel->obtenerDepartamentos()
#8 C:\xampp\htdocs\proyecto\system\CodeIgniter.php(934): App\Controllers\Departamentos->index()
#9 C:\xampp\htdocs\proyecto\system\CodeIgniter.php(499): CodeIgniter\CodeIgniter->runController(Object(App\Controllers\Departamentos))
#10 C:\xampp\htdocs\proyecto\system\CodeIgniter.php(368): CodeIgniter\CodeIgniter->handleRequest(NULL, Object(Config\Cache), false)
#11 C:\xampp\htdocs\proyecto\public\index.php(67): CodeIgniter\CodeIgniter->run()
#12 {main}
CRITICAL - 2023-03-12 23:47:01 --> Table 'bd_taller.pais' doesn't exist
in SYSTEMPATH\Database\BaseConnection.php on line 645.
 1 SYSTEMPATH\Database\BaseBuilder.php(1616): CodeIgniter\Database\BaseConnection->query('SELECT `departamentos`.*, `pais`.`nombre` as `nombre_pais`
FROM `departamentos`
JOIN `pais` ON `pais`.`id` = `departamentos`.`id_pais`
WHERE `departamentos`.`estado` = :departamentos.estado:', [...], false)
 2 SYSTEMPATH\Model.php(241): CodeIgniter\Database\BaseBuilder->get()
 3 SYSTEMPATH\BaseModel.php(618): CodeIgniter\Model->doFindAll(0, 0)
 4 APPPATH\Models\DepartamentosModel.php(37): CodeIgniter\BaseModel->findAll()
 5 APPPATH\Controllers\Departamentos.php(16): App\Models\DepartamentosModel->obtenerDepartamentos()
 6 SYSTEMPATH\CodeIgniter.php(934): App\Controllers\Departamentos->index()
 7 SYSTEMPATH\CodeIgniter.php(499): CodeIgniter\CodeIgniter->runController(Object(App\Controllers\Departamentos))
 8 SYSTEMPATH\CodeIgniter.php(368): CodeIgniter\CodeIgniter->handleRequest(null, Object(Config\Cache), false)
 9 FCPATH\index.php(67): CodeIgniter\CodeIgniter->run()
ERROR - 2023-03-12 23:47:02 --> mysqli_sql_exception: Table 'bd_taller.pais' doesn't exist in C:\xampp\htdocs\proyecto\system\Database\MySQLi\Connection.php:295
Stack trace:
#0 C:\xampp\htdocs\proyecto\system\Database\MySQLi\Connection.php(295): mysqli->query('SELECT `departa...', 0)
#1 C:\xampp\htdocs\proyecto\system\Database\BaseConnection.php(691): CodeIgniter\Database\MySQLi\Connection->execute('SELECT `departa...')
#2 C:\xampp\htdocs\proyecto\system\Database\BaseConnection.php(605): CodeIgniter\Database\BaseConnection->simpleQuery('SELECT `departa...')
#3 C:\xampp\htdocs\proyecto\system\Database\BaseBuilder.php(1616): CodeIgniter\Database\BaseConnection->query('SELECT `departa...', Array, false)
#4 C:\xampp\htdocs\proyecto\system\Model.php(241): CodeIgniter\Database\BaseBuilder->get()
#5 C:\xampp\htdocs\proyecto\system\BaseModel.php(618): CodeIgniter\Model->doFindAll(0, 0)
#6 C:\xampp\htdocs\proyecto\app\Models\DepartamentosModel.php(37): CodeIgniter\BaseModel->findAll()
#7 C:\xampp\htdocs\proyecto\app\Controllers\Departamentos.php(16): App\Models\DepartamentosModel->obtenerDepartamentos()
#8 C:\xampp\htdocs\proyecto\system\CodeIgniter.php(934): App\Controllers\Departamentos->index()
#9 C:\xampp\htdocs\proyecto\system\CodeIgniter.php(499): CodeIgniter\CodeIgniter->runController(Object(App\Controllers\Departamentos))
#10 C:\xampp\htdocs\proyecto\system\CodeIgniter.php(368): CodeIgniter\CodeIgniter->handleRequest(NULL, Object(Config\Cache), false)
#11 C:\xampp\htdocs\proyecto\public\index.php(67): CodeIgniter\CodeIgniter->run()
#12 {main}
CRITICAL - 2023-03-12 23:47:02 --> Table 'bd_taller.pais' doesn't exist
in SYSTEMPATH\Database\BaseConnection.php on line 645.
 1 SYSTEMPATH\Database\BaseBuilder.php(1616): CodeIgniter\Database\BaseConnection->query('SELECT `departamentos`.*, `pais`.`nombre` as `nombre_pais`
FROM `departamentos`
JOIN `pais` ON `pais`.`id` = `departamentos`.`id_pais`
WHERE `departamentos`.`estado` = :departamentos.estado:', [...], false)
 2 SYSTEMPATH\Model.php(241): CodeIgniter\Database\BaseBuilder->get()
 3 SYSTEMPATH\BaseModel.php(618): CodeIgniter\Model->doFindAll(0, 0)
 4 APPPATH\Models\DepartamentosModel.php(37): CodeIgniter\BaseModel->findAll()
 5 APPPATH\Controllers\Departamentos.php(16): App\Models\DepartamentosModel->obtenerDepartamentos()
 6 SYSTEMPATH\CodeIgniter.php(934): App\Controllers\Departamentos->index()
 7 SYSTEMPATH\CodeIgniter.php(499): CodeIgniter\CodeIgniter->runController(Object(App\Controllers\Departamentos))
 8 SYSTEMPATH\CodeIgniter.php(368): CodeIgniter\CodeIgniter->handleRequest(null, Object(Config\Cache), false)
 9 FCPATH\index.php(67): CodeIgniter\CodeIgniter->run()
ERROR - 2023-03-12 23:47:02 --> mysqli_sql_exception: Table 'bd_taller.pais' doesn't exist in C:\xampp\htdocs\proyecto\system\Database\MySQLi\Connection.php:295
Stack trace:
#0 C:\xampp\htdocs\proyecto\system\Database\MySQLi\Connection.php(295): mysqli->query('SELECT `departa...', 0)
#1 C:\xampp\htdocs\proyecto\system\Database\BaseConnection.php(691): CodeIgniter\Database\MySQLi\Connection->execute('SELECT `departa...')
#2 C:\xampp\htdocs\proyecto\system\Database\BaseConnection.php(605): CodeIgniter\Database\BaseConnection->simpleQuery('SELECT `departa...')
#3 C:\xampp\htdocs\proyecto\system\Database\BaseBuilder.php(1616): CodeIgniter\Database\BaseConnection->query('SELECT `departa...', Array, false)
#4 C:\xampp\htdocs\proyecto\system\Model.php(241): CodeIgniter\Database\BaseBuilder->get()
#5 C:\xampp\htdocs\proyecto\system\BaseModel.php(618): CodeIgniter\Model->doFindAll(0, 0)
#6 C:\xampp\htdocs\proyecto\app\Models\DepartamentosModel.php(37): CodeIgniter\BaseModel->findAll()
#7 C:\xampp\htdocs\proyecto\app\Controllers\Departamentos.php(16): App\Models\DepartamentosModel->obtenerDepartamentos()
#8 C:\xampp\htdocs\proyecto\system\CodeIgniter.php(934): App\Controllers\Departamentos->index()
#9 C:\xampp\htdocs\proyecto\system\CodeIgniter.php(499): CodeIgniter\CodeIgniter->runController(Object(App\Controllers\Departamentos))
#10 C:\xampp\htdocs\proyecto\system\CodeIgniter.php(368): CodeIgniter\CodeIgniter->handleRequest(NULL, Object(Config\Cache), false)
#11 C:\xampp\htdocs\proyecto\public\index.php(67): CodeIgniter\CodeIgniter->run()
#12 {main}
CRITICAL - 2023-03-12 23:47:02 --> Table 'bd_taller.pais' doesn't exist
in SYSTEMPATH\Database\BaseConnection.php on line 645.
 1 SYSTEMPATH\Database\BaseBuilder.php(1616): CodeIgniter\Database\BaseConnection->query('SELECT `departamentos`.*, `pais`.`nombre` as `nombre_pais`
FROM `departamentos`
JOIN `pais` ON `pais`.`id` = `departamentos`.`id_pais`
WHERE `departamentos`.`estado` = :departamentos.estado:', [...], false)
 2 SYSTEMPATH\Model.php(241): CodeIgniter\Database\BaseBuilder->get()
 3 SYSTEMPATH\BaseModel.php(618): CodeIgniter\Model->doFindAll(0, 0)
 4 APPPATH\Models\DepartamentosModel.php(37): CodeIgniter\BaseModel->findAll()
 5 APPPATH\Controllers\Departamentos.php(16): App\Models\DepartamentosModel->obtenerDepartamentos()
 6 SYSTEMPATH\CodeIgniter.php(934): App\Controllers\Departamentos->index()
 7 SYSTEMPATH\CodeIgniter.php(499): CodeIgniter\CodeIgniter->runController(Object(App\Controllers\Departamentos))
 8 SYSTEMPATH\CodeIgniter.php(368): CodeIgniter\CodeIgniter->handleRequest(null, Object(Config\Cache), false)
 9 FCPATH\index.php(67): CodeIgniter\CodeIgniter->run()
ERROR - 2023-03-12 23:47:02 --> mysqli_sql_exception: Table 'bd_taller.pais' doesn't exist in C:\xampp\htdocs\proyecto\system\Database\MySQLi\Connection.php:295
Stack trace:
#0 C:\xampp\htdocs\proyecto\system\Database\MySQLi\Connection.php(295): mysqli->query('SELECT `departa...', 0)
#1 C:\xampp\htdocs\proyecto\system\Database\BaseConnection.php(691): CodeIgniter\Database\MySQLi\Connection->execute('SELECT `departa...')
#2 C:\xampp\htdocs\proyecto\system\Database\BaseConnection.php(605): CodeIgniter\Database\BaseConnection->simpleQuery('SELECT `departa...')
#3 C:\xampp\htdocs\proyecto\system\Database\BaseBuilder.php(1616): CodeIgniter\Database\BaseConnection->query('SELECT `departa...', Array, false)
#4 C:\xampp\htdocs\proyecto\system\Model.php(241): CodeIgniter\Database\BaseBuilder->get()
#5 C:\xampp\htdocs\proyecto\system\BaseModel.php(618): CodeIgniter\Model->doFindAll(0, 0)
#6 C:\xampp\htdocs\proyecto\app\Models\DepartamentosModel.php(37): CodeIgniter\BaseModel->findAll()
#7 C:\xampp\htdocs\proyecto\app\Controllers\Departamentos.php(16): App\Models\DepartamentosModel->obtenerDepartamentos()
#8 C:\xampp\htdocs\proyecto\system\CodeIgniter.php(934): App\Controllers\Departamentos->index()
#9 C:\xampp\htdocs\proyecto\system\CodeIgniter.php(499): CodeIgniter\CodeIgniter->runController(Object(App\Controllers\Departamentos))
#10 C:\xampp\htdocs\proyecto\system\CodeIgniter.php(368): CodeIgniter\CodeIgniter->handleRequest(NULL, Object(Config\Cache), false)
#11 C:\xampp\htdocs\proyecto\public\index.php(67): CodeIgniter\CodeIgniter->run()
#12 {main}
CRITICAL - 2023-03-12 23:47:02 --> Table 'bd_taller.pais' doesn't exist
in SYSTEMPATH\Database\BaseConnection.php on line 645.
 1 SYSTEMPATH\Database\BaseBuilder.php(1616): CodeIgniter\Database\BaseConnection->query('SELECT `departamentos`.*, `pais`.`nombre` as `nombre_pais`
FROM `departamentos`
JOIN `pais` ON `pais`.`id` = `departamentos`.`id_pais`
WHERE `departamentos`.`estado` = :departamentos.estado:', [...], false)
 2 SYSTEMPATH\Model.php(241): CodeIgniter\Database\BaseBuilder->get()
 3 SYSTEMPATH\BaseModel.php(618): CodeIgniter\Model->doFindAll(0, 0)
 4 APPPATH\Models\DepartamentosModel.php(37): CodeIgniter\BaseModel->findAll()
 5 APPPATH\Controllers\Departamentos.php(16): App\Models\DepartamentosModel->obtenerDepartamentos()
 6 SYSTEMPATH\CodeIgniter.php(934): App\Controllers\Departamentos->index()
 7 SYSTEMPATH\CodeIgniter.php(499): CodeIgniter\CodeIgniter->runController(Object(App\Controllers\Departamentos))
 8 SYSTEMPATH\CodeIgniter.php(368): CodeIgniter\CodeIgniter->handleRequest(null, Object(Config\Cache), false)
 9 FCPATH\index.php(67): CodeIgniter\CodeIgniter->run()
ERROR - 2023-03-12 23:47:02 --> mysqli_sql_exception: Table 'bd_taller.pais' doesn't exist in C:\xampp\htdocs\proyecto\system\Database\MySQLi\Connection.php:295
Stack trace:
#0 C:\xampp\htdocs\proyecto\system\Database\MySQLi\Connection.php(295): mysqli->query('SELECT `departa...', 0)
#1 C:\xampp\htdocs\proyecto\system\Database\BaseConnection.php(691): CodeIgniter\Database\MySQLi\Connection->execute('SELECT `departa...')
#2 C:\xampp\htdocs\proyecto\system\Database\BaseConnection.php(605): CodeIgniter\Database\BaseConnection->simpleQuery('SELECT `departa...')
#3 C:\xampp\htdocs\proyecto\system\Database\BaseBuilder.php(1616): CodeIgniter\Database\BaseConnection->query('SELECT `departa...', Array, false)
#4 C:\xampp\htdocs\proyecto\system\Model.php(241): CodeIgniter\Database\BaseBuilder->get()
#5 C:\xampp\htdocs\proyecto\system\BaseModel.php(618): CodeIgniter\Model->doFindAll(0, 0)
#6 C:\xampp\htdocs\proyecto\app\Models\DepartamentosModel.php(37): CodeIgniter\BaseModel->findAll()
#7 C:\xampp\htdocs\proyecto\app\Controllers\Departamentos.php(16): App\Models\DepartamentosModel->obtenerDepartamentos()
#8 C:\xampp\htdocs\proyecto\system\CodeIgniter.php(934): App\Controllers\Departamentos->index()
#9 C:\xampp\htdocs\proyecto\system\CodeIgniter.php(499): CodeIgniter\CodeIgniter->runController(Object(App\Controllers\Departamentos))
#10 C:\xampp\htdocs\proyecto\system\CodeIgniter.php(368): CodeIgniter\CodeIgniter->handleRequest(NULL, Object(Config\Cache), false)
#11 C:\xampp\htdocs\proyecto\public\index.php(67): CodeIgniter\CodeIgniter->run()
#12 {main}
CRITICAL - 2023-03-12 23:47:02 --> Table 'bd_taller.pais' doesn't exist
in SYSTEMPATH\Database\BaseConnection.php on line 645.
 1 SYSTEMPATH\Database\BaseBuilder.php(1616): CodeIgniter\Database\BaseConnection->query('SELECT `departamentos`.*, `pais`.`nombre` as `nombre_pais`
FROM `departamentos`
JOIN `pais` ON `pais`.`id` = `departamentos`.`id_pais`
WHERE `departamentos`.`estado` = :departamentos.estado:', [...], false)
 2 SYSTEMPATH\Model.php(241): CodeIgniter\Database\BaseBuilder->get()
 3 SYSTEMPATH\BaseModel.php(618): CodeIgniter\Model->doFindAll(0, 0)
 4 APPPATH\Models\DepartamentosModel.php(37): CodeIgniter\BaseModel->findAll()
 5 APPPATH\Controllers\Departamentos.php(16): App\Models\DepartamentosModel->obtenerDepartamentos()
 6 SYSTEMPATH\CodeIgniter.php(934): App\Controllers\Departamentos->index()
 7 SYSTEMPATH\CodeIgniter.php(499): CodeIgniter\CodeIgniter->runController(Object(App\Controllers\Departamentos))
 8 SYSTEMPATH\CodeIgniter.php(368): CodeIgniter\CodeIgniter->handleRequest(null, Object(Config\Cache), false)
 9 FCPATH\index.php(67): CodeIgniter\CodeIgniter->run()
ERROR - 2023-03-12 23:47:02 --> mysqli_sql_exception: Table 'bd_taller.pais' doesn't exist in C:\xampp\htdocs\proyecto\system\Database\MySQLi\Connection.php:295
Stack trace:
#0 C:\xampp\htdocs\proyecto\system\Database\MySQLi\Connection.php(295): mysqli->query('SELECT `departa...', 0)
#1 C:\xampp\htdocs\proyecto\system\Database\BaseConnection.php(691): CodeIgniter\Database\MySQLi\Connection->execute('SELECT `departa...')
#2 C:\xampp\htdocs\proyecto\system\Database\BaseConnection.php(605): CodeIgniter\Database\BaseConnection->simpleQuery('SELECT `departa...')
#3 C:\xampp\htdocs\proyecto\system\Database\BaseBuilder.php(1616): CodeIgniter\Database\BaseConnection->query('SELECT `departa...', Array, false)
#4 C:\xampp\htdocs\proyecto\system\Model.php(241): CodeIgniter\Database\BaseBuilder->get()
#5 C:\xampp\htdocs\proyecto\system\BaseModel.php(618): CodeIgniter\Model->doFindAll(0, 0)
#6 C:\xampp\htdocs\proyecto\app\Models\DepartamentosModel.php(37): CodeIgniter\BaseModel->findAll()
#7 C:\xampp\htdocs\proyecto\app\Controllers\Departamentos.php(16): App\Models\DepartamentosModel->obtenerDepartamentos()
#8 C:\xampp\htdocs\proyecto\system\CodeIgniter.php(934): App\Controllers\Departamentos->index()
#9 C:\xampp\htdocs\proyecto\system\CodeIgniter.php(499): CodeIgniter\CodeIgniter->runController(Object(App\Controllers\Departamentos))
#10 C:\xampp\htdocs\proyecto\system\CodeIgniter.php(368): CodeIgniter\CodeIgniter->handleRequest(NULL, Object(Config\Cache), false)
#11 C:\xampp\htdocs\proyecto\public\index.php(67): CodeIgniter\CodeIgniter->run()
#12 {main}
CRITICAL - 2023-03-12 23:47:02 --> Table 'bd_taller.pais' doesn't exist
in SYSTEMPATH\Database\BaseConnection.php on line 645.
 1 SYSTEMPATH\Database\BaseBuilder.php(1616): CodeIgniter\Database\BaseConnection->query('SELECT `departamentos`.*, `pais`.`nombre` as `nombre_pais`
FROM `departamentos`
JOIN `pais` ON `pais`.`id` = `departamentos`.`id_pais`
WHERE `departamentos`.`estado` = :departamentos.estado:', [...], false)
 2 SYSTEMPATH\Model.php(241): CodeIgniter\Database\BaseBuilder->get()
 3 SYSTEMPATH\BaseModel.php(618): CodeIgniter\Model->doFindAll(0, 0)
 4 APPPATH\Models\DepartamentosModel.php(37): CodeIgniter\BaseModel->findAll()
 5 APPPATH\Controllers\Departamentos.php(16): App\Models\DepartamentosModel->obtenerDepartamentos()
 6 SYSTEMPATH\CodeIgniter.php(934): App\Controllers\Departamentos->index()
 7 SYSTEMPATH\CodeIgniter.php(499): CodeIgniter\CodeIgniter->runController(Object(App\Controllers\Departamentos))
 8 SYSTEMPATH\CodeIgniter.php(368): CodeIgniter\CodeIgniter->handleRequest(null, Object(Config\Cache), false)
 9 FCPATH\index.php(67): CodeIgniter\CodeIgniter->run()
ERROR - 2023-03-12 23:47:03 --> mysqli_sql_exception: Table 'bd_taller.pais' doesn't exist in C:\xampp\htdocs\proyecto\system\Database\MySQLi\Connection.php:295
Stack trace:
#0 C:\xampp\htdocs\proyecto\system\Database\MySQLi\Connection.php(295): mysqli->query('SELECT `departa...', 0)
#1 C:\xampp\htdocs\proyecto\system\Database\BaseConnection.php(691): CodeIgniter\Database\MySQLi\Connection->execute('SELECT `departa...')
#2 C:\xampp\htdocs\proyecto\system\Database\BaseConnection.php(605): CodeIgniter\Database\BaseConnection->simpleQuery('SELECT `departa...')
#3 C:\xampp\htdocs\proyecto\system\Database\BaseBuilder.php(1616): CodeIgniter\Database\BaseConnection->query('SELECT `departa...', Array, false)
#4 C:\xampp\htdocs\proyecto\system\Model.php(241): CodeIgniter\Database\BaseBuilder->get()
#5 C:\xampp\htdocs\proyecto\system\BaseModel.php(618): CodeIgniter\Model->doFindAll(0, 0)
#6 C:\xampp\htdocs\proyecto\app\Models\DepartamentosModel.php(37): CodeIgniter\BaseModel->findAll()
#7 C:\xampp\htdocs\proyecto\app\Controllers\Departamentos.php(16): App\Models\DepartamentosModel->obtenerDepartamentos()
#8 C:\xampp\htdocs\proyecto\system\CodeIgniter.php(934): App\Controllers\Departamentos->index()
#9 C:\xampp\htdocs\proyecto\system\CodeIgniter.php(499): CodeIgniter\CodeIgniter->runController(Object(App\Controllers\Departamentos))
#10 C:\xampp\htdocs\proyecto\system\CodeIgniter.php(368): CodeIgniter\CodeIgniter->handleRequest(NULL, Object(Config\Cache), false)
#11 C:\xampp\htdocs\proyecto\public\index.php(67): CodeIgniter\CodeIgniter->run()
#12 {main}
CRITICAL - 2023-03-12 23:47:03 --> Table 'bd_taller.pais' doesn't exist
in SYSTEMPATH\Database\BaseConnection.php on line 645.
 1 SYSTEMPATH\Database\BaseBuilder.php(1616): CodeIgniter\Database\BaseConnection->query('SELECT `departamentos`.*, `pais`.`nombre` as `nombre_pais`
FROM `departamentos`
JOIN `pais` ON `pais`.`id` = `departamentos`.`id_pais`
WHERE `departamentos`.`estado` = :departamentos.estado:', [...], false)
 2 SYSTEMPATH\Model.php(241): CodeIgniter\Database\BaseBuilder->get()
 3 SYSTEMPATH\BaseModel.php(618): CodeIgniter\Model->doFindAll(0, 0)
 4 APPPATH\Models\DepartamentosModel.php(37): CodeIgniter\BaseModel->findAll()
 5 APPPATH\Controllers\Departamentos.php(16): App\Models\DepartamentosModel->obtenerDepartamentos()
 6 SYSTEMPATH\CodeIgniter.php(934): App\Controllers\Departamentos->index()
 7 SYSTEMPATH\CodeIgniter.php(499): CodeIgniter\CodeIgniter->runController(Object(App\Controllers\Departamentos))
 8 SYSTEMPATH\CodeIgniter.php(368): CodeIgniter\CodeIgniter->handleRequest(null, Object(Config\Cache), false)
 9 FCPATH\index.php(67): CodeIgniter\CodeIgniter->run()
ERROR - 2023-03-12 23:47:07 --> mysqli_sql_exception: Table 'bd_taller.pais' doesn't exist in C:\xampp\htdocs\proyecto\system\Database\MySQLi\Connection.php:295
Stack trace:
#0 C:\xampp\htdocs\proyecto\system\Database\MySQLi\Connection.php(295): mysqli->query('SELECT `departa...', 0)
#1 C:\xampp\htdocs\proyecto\system\Database\BaseConnection.php(691): CodeIgniter\Database\MySQLi\Connection->execute('SELECT `departa...')
#2 C:\xampp\htdocs\proyecto\system\Database\BaseConnection.php(605): CodeIgniter\Database\BaseConnection->simpleQuery('SELECT `departa...')
#3 C:\xampp\htdocs\proyecto\system\Database\BaseBuilder.php(1616): CodeIgniter\Database\BaseConnection->query('SELECT `departa...', Array, false)
#4 C:\xampp\htdocs\proyecto\system\Model.php(241): CodeIgniter\Database\BaseBuilder->get()
#5 C:\xampp\htdocs\proyecto\system\BaseModel.php(618): CodeIgniter\Model->doFindAll(0, 0)
#6 C:\xampp\htdocs\proyecto\app\Models\DepartamentosModel.php(37): CodeIgniter\BaseModel->findAll()
#7 C:\xampp\htdocs\proyecto\app\Controllers\Departamentos.php(16): App\Models\DepartamentosModel->obtenerDepartamentos()
#8 C:\xampp\htdocs\proyecto\system\CodeIgniter.php(934): App\Controllers\Departamentos->index()
#9 C:\xampp\htdocs\proyecto\system\CodeIgniter.php(499): CodeIgniter\CodeIgniter->runController(Object(App\Controllers\Departamentos))
#10 C:\xampp\htdocs\proyecto\system\CodeIgniter.php(368): CodeIgniter\CodeIgniter->handleRequest(NULL, Object(Config\Cache), false)
#11 C:\xampp\htdocs\proyecto\public\index.php(67): CodeIgniter\CodeIgniter->run()
#12 {main}
CRITICAL - 2023-03-12 23:47:07 --> Table 'bd_taller.pais' doesn't exist
in SYSTEMPATH\Database\BaseConnection.php on line 645.
 1 SYSTEMPATH\Database\BaseBuilder.php(1616): CodeIgniter\Database\BaseConnection->query('SELECT `departamentos`.*, `pais`.`nombre` as `nombre_pais`
FROM `departamentos`
JOIN `pais` ON `pais`.`id` = `departamentos`.`id_pais`
WHERE `departamentos`.`estado` = :departamentos.estado:', [...], false)
 2 SYSTEMPATH\Model.php(241): CodeIgniter\Database\BaseBuilder->get()
 3 SYSTEMPATH\BaseModel.php(618): CodeIgniter\Model->doFindAll(0, 0)
 4 APPPATH\Models\DepartamentosModel.php(37): CodeIgniter\BaseModel->findAll()
 5 APPPATH\Controllers\Departamentos.php(16): App\Models\DepartamentosModel->obtenerDepartamentos()
 6 SYSTEMPATH\CodeIgniter.php(934): App\Controllers\Departamentos->index()
 7 SYSTEMPATH\CodeIgniter.php(499): CodeIgniter\CodeIgniter->runController(Object(App\Controllers\Departamentos))
 8 SYSTEMPATH\CodeIgniter.php(368): CodeIgniter\CodeIgniter->handleRequest(null, Object(Config\Cache), false)
 9 FCPATH\index.php(67): CodeIgniter\CodeIgniter->run()
ERROR - 2023-03-12 23:47:13 --> mysqli_sql_exception: Table 'bd_taller.pais' doesn't exist in C:\xampp\htdocs\proyecto\system\Database\MySQLi\Connection.php:295
Stack trace:
#0 C:\xampp\htdocs\proyecto\system\Database\MySQLi\Connection.php(295): mysqli->query('SELECT `departa...', 0)
#1 C:\xampp\htdocs\proyecto\system\Database\BaseConnection.php(691): CodeIgniter\Database\MySQLi\Connection->execute('SELECT `departa...')
#2 C:\xampp\htdocs\proyecto\system\Database\BaseConnection.php(605): CodeIgniter\Database\BaseConnection->simpleQuery('SELECT `departa...')
#3 C:\xampp\htdocs\proyecto\system\Database\BaseBuilder.php(1616): CodeIgniter\Database\BaseConnection->query('SELECT `departa...', Array, false)
#4 C:\xampp\htdocs\proyecto\system\Model.php(241): CodeIgniter\Database\BaseBuilder->get()
#5 C:\xampp\htdocs\proyecto\system\BaseModel.php(618): CodeIgniter\Model->doFindAll(0, 0)
#6 C:\xampp\htdocs\proyecto\app\Models\DepartamentosModel.php(37): CodeIgniter\BaseModel->findAll()
#7 C:\xampp\htdocs\proyecto\app\Controllers\Departamentos.php(16): App\Models\DepartamentosModel->obtenerDepartamentos()
#8 C:\xampp\htdocs\proyecto\system\CodeIgniter.php(934): App\Controllers\Departamentos->index()
#9 C:\xampp\htdocs\proyecto\system\CodeIgniter.php(499): CodeIgniter\CodeIgniter->runController(Object(App\Controllers\Departamentos))
#10 C:\xampp\htdocs\proyecto\system\CodeIgniter.php(368): CodeIgniter\CodeIgniter->handleRequest(NULL, Object(Config\Cache), false)
#11 C:\xampp\htdocs\proyecto\public\index.php(67): CodeIgniter\CodeIgniter->run()
#12 {main}
CRITICAL - 2023-03-12 23:47:13 --> Table 'bd_taller.pais' doesn't exist
in SYSTEMPATH\Database\BaseConnection.php on line 645.
 1 SYSTEMPATH\Database\BaseBuilder.php(1616): CodeIgniter\Database\BaseConnection->query('SELECT `departamentos`.*, `pais`.`nombre` as `nombre_pais`
FROM `departamentos`
JOIN `pais` ON `pais`.`id` = `departamentos`.`id_pais`
WHERE `departamentos`.`estado` = :departamentos.estado:', [...], false)
 2 SYSTEMPATH\Model.php(241): CodeIgniter\Database\BaseBuilder->get()
 3 SYSTEMPATH\BaseModel.php(618): CodeIgniter\Model->doFindAll(0, 0)
 4 APPPATH\Models\DepartamentosModel.php(37): CodeIgniter\BaseModel->findAll()
 5 APPPATH\Controllers\Departamentos.php(16): App\Models\DepartamentosModel->obtenerDepartamentos()
 6 SYSTEMPATH\CodeIgniter.php(934): App\Controllers\Departamentos->index()
 7 SYSTEMPATH\CodeIgniter.php(499): CodeIgniter\CodeIgniter->runController(Object(App\Controllers\Departamentos))
 8 SYSTEMPATH\CodeIgniter.php(368): CodeIgniter\CodeIgniter->handleRequest(null, Object(Config\Cache), false)
 9 FCPATH\index.php(67): CodeIgniter\CodeIgniter->run()
