CRITICAL - 2023-03-27 12:52:16 --> Undefined array key "nombre_empleado"
in APPPATH\Views\salarios\salarios.php on line 32.
 1 APPPATH\Views\salarios\salarios.php(32): CodeIgniter\Debug\Exceptions->errorHandler(2, 'Undefined array key "nombre_empleado"', 'APPPATH\\Views\\salarios\\salarios.php', 32)
 2 SYSTEMPATH\View\View.php(213): include('APPPATH\\Views\\salarios\\salarios.php')
 3 SYSTEMPATH\View\View.php(216): CodeIgniter\View\View->CodeIgniter\View\{closure}()
 4 SYSTEMPATH\Common.php(1184): CodeIgniter\View\View->render('/salarios/salarios', [], true)
 5 APPPATH\Controllers\Salarios.php(23): view('/salarios/salarios', [...])
 6 SYSTEMPATH\CodeIgniter.php(934): App\Controllers\Salarios->index()
 7 SYSTEMPATH\CodeIgniter.php(499): CodeIgniter\CodeIgniter->runController(Object(App\Controllers\Salarios))
 8 SYSTEMPATH\CodeIgniter.php(368): CodeIgniter\CodeIgniter->handleRequest(null, Object(Config\Cache), false)
 9 FCPATH\index.php(67): CodeIgniter\CodeIgniter->run()
CRITICAL - 2023-03-27 12:53:08 --> Undefined array key "nombre_empleado"
in APPPATH\Views\salarios\salarios.php on line 32.
 1 APPPATH\Views\salarios\salarios.php(32): CodeIgniter\Debug\Exceptions->errorHandler(2, 'Undefined array key "nombre_empleado"', 'APPPATH\\Views\\salarios\\salarios.php', 32)
 2 SYSTEMPATH\View\View.php(213): include('APPPATH\\Views\\salarios\\salarios.php')
 3 SYSTEMPATH\View\View.php(216): CodeIgniter\View\View->CodeIgniter\View\{closure}()
 4 SYSTEMPATH\Common.php(1184): CodeIgniter\View\View->render('/salarios/salarios', [], true)
 5 APPPATH\Controllers\Salarios.php(23): view('/salarios/salarios', [...])
 6 SYSTEMPATH\CodeIgniter.php(934): App\Controllers\Salarios->index()
 7 SYSTEMPATH\CodeIgniter.php(499): CodeIgniter\CodeIgniter->runController(Object(App\Controllers\Salarios))
 8 SYSTEMPATH\CodeIgniter.php(368): CodeIgniter\CodeIgniter->handleRequest(null, Object(Config\Cache), false)
 9 FCPATH\index.php(67): CodeIgniter\CodeIgniter->run()
CRITICAL - 2023-03-27 12:53:09 --> Undefined array key "nombre_empleado"
in APPPATH\Views\salarios\salarios.php on line 32.
 1 APPPATH\Views\salarios\salarios.php(32): CodeIgniter\Debug\Exceptions->errorHandler(2, 'Undefined array key "nombre_empleado"', 'APPPATH\\Views\\salarios\\salarios.php', 32)
 2 SYSTEMPATH\View\View.php(213): include('APPPATH\\Views\\salarios\\salarios.php')
 3 SYSTEMPATH\View\View.php(216): CodeIgniter\View\View->CodeIgniter\View\{closure}()
 4 SYSTEMPATH\Common.php(1184): CodeIgniter\View\View->render('/salarios/salarios', [], true)
 5 APPPATH\Controllers\Salarios.php(23): view('/salarios/salarios', [...])
 6 SYSTEMPATH\CodeIgniter.php(934): App\Controllers\Salarios->index()
 7 SYSTEMPATH\CodeIgniter.php(499): CodeIgniter\CodeIgniter->runController(Object(App\Controllers\Salarios))
 8 SYSTEMPATH\CodeIgniter.php(368): CodeIgniter\CodeIgniter->handleRequest(null, Object(Config\Cache), false)
 9 FCPATH\index.php(67): CodeIgniter\CodeIgniter->run()
CRITICAL - 2023-03-27 12:53:10 --> Undefined array key "nombre_empleado"
in APPPATH\Views\salarios\salarios.php on line 32.
 1 APPPATH\Views\salarios\salarios.php(32): CodeIgniter\Debug\Exceptions->errorHandler(2, 'Undefined array key "nombre_empleado"', 'APPPATH\\Views\\salarios\\salarios.php', 32)
 2 SYSTEMPATH\View\View.php(213): include('APPPATH\\Views\\salarios\\salarios.php')
 3 SYSTEMPATH\View\View.php(216): CodeIgniter\View\View->CodeIgniter\View\{closure}()
 4 SYSTEMPATH\Common.php(1184): CodeIgniter\View\View->render('/salarios/salarios', [], true)
 5 APPPATH\Controllers\Salarios.php(23): view('/salarios/salarios', [...])
 6 SYSTEMPATH\CodeIgniter.php(934): App\Controllers\Salarios->index()
 7 SYSTEMPATH\CodeIgniter.php(499): CodeIgniter\CodeIgniter->runController(Object(App\Controllers\Salarios))
 8 SYSTEMPATH\CodeIgniter.php(368): CodeIgniter\CodeIgniter->handleRequest(null, Object(Config\Cache), false)
 9 FCPATH\index.php(67): CodeIgniter\CodeIgniter->run()
CRITICAL - 2023-03-27 12:53:10 --> Undefined array key "nombre_empleado"
in APPPATH\Views\salarios\salarios.php on line 32.
 1 APPPATH\Views\salarios\salarios.php(32): CodeIgniter\Debug\Exceptions->errorHandler(2, 'Undefined array key "nombre_empleado"', 'APPPATH\\Views\\salarios\\salarios.php', 32)
 2 SYSTEMPATH\View\View.php(213): include('APPPATH\\Views\\salarios\\salarios.php')
 3 SYSTEMPATH\View\View.php(216): CodeIgniter\View\View->CodeIgniter\View\{closure}()
 4 SYSTEMPATH\Common.php(1184): CodeIgniter\View\View->render('/salarios/salarios', [], true)
 5 APPPATH\Controllers\Salarios.php(23): view('/salarios/salarios', [...])
 6 SYSTEMPATH\CodeIgniter.php(934): App\Controllers\Salarios->index()
 7 SYSTEMPATH\CodeIgniter.php(499): CodeIgniter\CodeIgniter->runController(Object(App\Controllers\Salarios))
 8 SYSTEMPATH\CodeIgniter.php(368): CodeIgniter\CodeIgniter->handleRequest(null, Object(Config\Cache), false)
 9 FCPATH\index.php(67): CodeIgniter\CodeIgniter->run()
CRITICAL - 2023-03-27 12:57:26 --> Undefined array key "nombre"
in APPPATH\Views\salarios\salarios.php on line 70.
 1 APPPATH\Views\salarios\salarios.php(70): CodeIgniter\Debug\Exceptions->errorHandler(2, 'Undefined array key "nombre"', 'APPPATH\\Views\\salarios\\salarios.php', 70)
 2 SYSTEMPATH\View\View.php(213): include('APPPATH\\Views\\salarios\\salarios.php')
 3 SYSTEMPATH\View\View.php(216): CodeIgniter\View\View->CodeIgniter\View\{closure}()
 4 SYSTEMPATH\Common.php(1184): CodeIgniter\View\View->render('/salarios/salarios', [], true)
 5 APPPATH\Controllers\Salarios.php(23): view('/salarios/salarios', [...])
 6 SYSTEMPATH\CodeIgniter.php(934): App\Controllers\Salarios->index()
 7 SYSTEMPATH\CodeIgniter.php(499): CodeIgniter\CodeIgniter->runController(Object(App\Controllers\Salarios))
 8 SYSTEMPATH\CodeIgniter.php(368): CodeIgniter\CodeIgniter->handleRequest(null, Object(Config\Cache), false)
 9 FCPATH\index.php(67): CodeIgniter\CodeIgniter->run()
CRITICAL - 2023-03-27 12:57:28 --> Undefined array key "nombre"
in APPPATH\Views\salarios\salarios.php on line 70.
 1 APPPATH\Views\salarios\salarios.php(70): CodeIgniter\Debug\Exceptions->errorHandler(2, 'Undefined array key "nombre"', 'APPPATH\\Views\\salarios\\salarios.php', 70)
 2 SYSTEMPATH\View\View.php(213): include('APPPATH\\Views\\salarios\\salarios.php')
 3 SYSTEMPATH\View\View.php(216): CodeIgniter\View\View->CodeIgniter\View\{closure}()
 4 SYSTEMPATH\Common.php(1184): CodeIgniter\View\View->render('/salarios/salarios', [], true)
 5 APPPATH\Controllers\Salarios.php(23): view('/salarios/salarios', [...])
 6 SYSTEMPATH\CodeIgniter.php(934): App\Controllers\Salarios->index()
 7 SYSTEMPATH\CodeIgniter.php(499): CodeIgniter\CodeIgniter->runController(Object(App\Controllers\Salarios))
 8 SYSTEMPATH\CodeIgniter.php(368): CodeIgniter\CodeIgniter->handleRequest(null, Object(Config\Cache), false)
 9 FCPATH\index.php(67): CodeIgniter\CodeIgniter->run()
CRITICAL - 2023-03-27 12:57:28 --> Undefined array key "nombre"
in APPPATH\Views\salarios\salarios.php on line 70.
 1 APPPATH\Views\salarios\salarios.php(70): CodeIgniter\Debug\Exceptions->errorHandler(2, 'Undefined array key "nombre"', 'APPPATH\\Views\\salarios\\salarios.php', 70)
 2 SYSTEMPATH\View\View.php(213): include('APPPATH\\Views\\salarios\\salarios.php')
 3 SYSTEMPATH\View\View.php(216): CodeIgniter\View\View->CodeIgniter\View\{closure}()
 4 SYSTEMPATH\Common.php(1184): CodeIgniter\View\View->render('/salarios/salarios', [], true)
 5 APPPATH\Controllers\Salarios.php(23): view('/salarios/salarios', [...])
 6 SYSTEMPATH\CodeIgniter.php(934): App\Controllers\Salarios->index()
 7 SYSTEMPATH\CodeIgniter.php(499): CodeIgniter\CodeIgniter->runController(Object(App\Controllers\Salarios))
 8 SYSTEMPATH\CodeIgniter.php(368): CodeIgniter\CodeIgniter->handleRequest(null, Object(Config\Cache), false)
 9 FCPATH\index.php(67): CodeIgniter\CodeIgniter->run()
ERROR - 2023-03-27 13:03:21 --> mysqli_sql_exception: Column 'id' in where clause is ambiguous in C:\xampp\htdocs\proyecto\system\Database\MySQLi\Connection.php:295
Stack trace:
#0 C:\xampp\htdocs\proyecto\system\Database\MySQLi\Connection.php(295): mysqli->query('SELECT `salario...', 0)
#1 C:\xampp\htdocs\proyecto\system\Database\BaseConnection.php(691): CodeIgniter\Database\MySQLi\Connection->execute('SELECT `salario...')
#2 C:\xampp\htdocs\proyecto\system\Database\BaseConnection.php(605): CodeIgniter\Database\BaseConnection->simpleQuery('SELECT `salario...')
#3 C:\xampp\htdocs\proyecto\system\Database\BaseBuilder.php(1616): CodeIgniter\Database\BaseConnection->query('SELECT `salario...', Array, false)
#4 C:\xampp\htdocs\proyecto\system\Model.php(268): CodeIgniter\Database\BaseBuilder->get()
#5 C:\xampp\htdocs\proyecto\system\BaseModel.php(656): CodeIgniter\Model->doFirst()
#6 C:\xampp\htdocs\proyecto\app\Models\SalariosModel.php(33): CodeIgniter\BaseModel->first()
#7 C:\xampp\htdocs\proyecto\app\Controllers\Salarios.php(32): App\Models\SalariosModel->traer_Salarios('1')
#8 C:\xampp\htdocs\proyecto\system\CodeIgniter.php(934): App\Controllers\Salarios->buscar_Salarios('1')
#9 C:\xampp\htdocs\proyecto\system\CodeIgniter.php(499): CodeIgniter\CodeIgniter->runController(Object(App\Controllers\Salarios))
#10 C:\xampp\htdocs\proyecto\system\CodeIgniter.php(368): CodeIgniter\CodeIgniter->handleRequest(NULL, Object(Config\Cache), false)
#11 C:\xampp\htdocs\proyecto\public\index.php(67): CodeIgniter\CodeIgniter->run()
#12 {main}
CRITICAL - 2023-03-27 13:03:21 --> Column 'id' in where clause is ambiguous
in SYSTEMPATH\Database\BaseConnection.php on line 645.
 1 SYSTEMPATH\Database\BaseBuilder.php(1616): CodeIgniter\Database\BaseConnection->query('SELECT `salarios`.*, `empleados`.`nombres` as `nombre_empleado`
FROM `salarios`
JOIN `empleados` ON `empleados`.`id` = `salarios`.`id_empleado`
WHERE `id` = :id:
 LIMIT 1', [...], false)
 2 SYSTEMPATH\Model.php(268): CodeIgniter\Database\BaseBuilder->get()
 3 SYSTEMPATH\BaseModel.php(656): CodeIgniter\Model->doFirst()
 4 APPPATH\Models\SalariosModel.php(33): CodeIgniter\BaseModel->first()
 5 APPPATH\Controllers\Salarios.php(32): App\Models\SalariosModel->traer_Salarios('1')
 6 SYSTEMPATH\CodeIgniter.php(934): App\Controllers\Salarios->buscar_Salarios('1')
 7 SYSTEMPATH\CodeIgniter.php(499): CodeIgniter\CodeIgniter->runController(Object(App\Controllers\Salarios))
 8 SYSTEMPATH\CodeIgniter.php(368): CodeIgniter\CodeIgniter->handleRequest(null, Object(Config\Cache), false)
 9 FCPATH\index.php(67): CodeIgniter\CodeIgniter->run()
ERROR - 2023-03-27 13:04:19 --> mysqli_sql_exception: Column 'id' in where clause is ambiguous in C:\xampp\htdocs\proyecto\system\Database\MySQLi\Connection.php:295
Stack trace:
#0 C:\xampp\htdocs\proyecto\system\Database\MySQLi\Connection.php(295): mysqli->query('SELECT `salario...', 0)
#1 C:\xampp\htdocs\proyecto\system\Database\BaseConnection.php(691): CodeIgniter\Database\MySQLi\Connection->execute('SELECT `salario...')
#2 C:\xampp\htdocs\proyecto\system\Database\BaseConnection.php(605): CodeIgniter\Database\BaseConnection->simpleQuery('SELECT `salario...')
#3 C:\xampp\htdocs\proyecto\system\Database\BaseBuilder.php(1616): CodeIgniter\Database\BaseConnection->query('SELECT `salario...', Array, false)
#4 C:\xampp\htdocs\proyecto\system\Model.php(268): CodeIgniter\Database\BaseBuilder->get()
#5 C:\xampp\htdocs\proyecto\system\BaseModel.php(656): CodeIgniter\Model->doFirst()
#6 C:\xampp\htdocs\proyecto\app\Models\SalariosModel.php(33): CodeIgniter\BaseModel->first()
#7 C:\xampp\htdocs\proyecto\app\Controllers\Salarios.php(32): App\Models\SalariosModel->traer_Salarios('2')
#8 C:\xampp\htdocs\proyecto\system\CodeIgniter.php(934): App\Controllers\Salarios->buscar_Salarios('2')
#9 C:\xampp\htdocs\proyecto\system\CodeIgniter.php(499): CodeIgniter\CodeIgniter->runController(Object(App\Controllers\Salarios))
#10 C:\xampp\htdocs\proyecto\system\CodeIgniter.php(368): CodeIgniter\CodeIgniter->handleRequest(NULL, Object(Config\Cache), false)
#11 C:\xampp\htdocs\proyecto\public\index.php(67): CodeIgniter\CodeIgniter->run()
#12 {main}
CRITICAL - 2023-03-27 13:04:19 --> Column 'id' in where clause is ambiguous
in SYSTEMPATH\Database\BaseConnection.php on line 645.
 1 SYSTEMPATH\Database\BaseBuilder.php(1616): CodeIgniter\Database\BaseConnection->query('SELECT `salarios`.*, `empleados`.`nombres` as `nombre_empleado`
FROM `salarios`
JOIN `empleados` ON `empleados`.`id` = `salarios`.`id_empleado`
WHERE `id` = :id:
 LIMIT 1', [...], false)
 2 SYSTEMPATH\Model.php(268): CodeIgniter\Database\BaseBuilder->get()
 3 SYSTEMPATH\BaseModel.php(656): CodeIgniter\Model->doFirst()
 4 APPPATH\Models\SalariosModel.php(33): CodeIgniter\BaseModel->first()
 5 APPPATH\Controllers\Salarios.php(32): App\Models\SalariosModel->traer_Salarios('2')
 6 SYSTEMPATH\CodeIgniter.php(934): App\Controllers\Salarios->buscar_Salarios('2')
 7 SYSTEMPATH\CodeIgniter.php(499): CodeIgniter\CodeIgniter->runController(Object(App\Controllers\Salarios))
 8 SYSTEMPATH\CodeIgniter.php(368): CodeIgniter\CodeIgniter->handleRequest(null, Object(Config\Cache), false)
 9 FCPATH\index.php(67): CodeIgniter\CodeIgniter->run()
ERROR - 2023-03-27 13:04:44 --> mysqli_sql_exception: Column 'id' in where clause is ambiguous in C:\xampp\htdocs\proyecto\system\Database\MySQLi\Connection.php:295
Stack trace:
#0 C:\xampp\htdocs\proyecto\system\Database\MySQLi\Connection.php(295): mysqli->query('SELECT `salario...', 0)
#1 C:\xampp\htdocs\proyecto\system\Database\BaseConnection.php(691): CodeIgniter\Database\MySQLi\Connection->execute('SELECT `salario...')
#2 C:\xampp\htdocs\proyecto\system\Database\BaseConnection.php(605): CodeIgniter\Database\BaseConnection->simpleQuery('SELECT `salario...')
#3 C:\xampp\htdocs\proyecto\system\Database\BaseBuilder.php(1616): CodeIgniter\Database\BaseConnection->query('SELECT `salario...', Array, false)
#4 C:\xampp\htdocs\proyecto\system\Model.php(268): CodeIgniter\Database\BaseBuilder->get()
#5 C:\xampp\htdocs\proyecto\system\BaseModel.php(656): CodeIgniter\Model->doFirst()
#6 C:\xampp\htdocs\proyecto\app\Models\SalariosModel.php(33): CodeIgniter\BaseModel->first()
#7 C:\xampp\htdocs\proyecto\app\Controllers\Salarios.php(32): App\Models\SalariosModel->traer_Salarios('3')
#8 C:\xampp\htdocs\proyecto\system\CodeIgniter.php(934): App\Controllers\Salarios->buscar_Salarios('3')
#9 C:\xampp\htdocs\proyecto\system\CodeIgniter.php(499): CodeIgniter\CodeIgniter->runController(Object(App\Controllers\Salarios))
#10 C:\xampp\htdocs\proyecto\system\CodeIgniter.php(368): CodeIgniter\CodeIgniter->handleRequest(NULL, Object(Config\Cache), false)
#11 C:\xampp\htdocs\proyecto\public\index.php(67): CodeIgniter\CodeIgniter->run()
#12 {main}
CRITICAL - 2023-03-27 13:04:44 --> Column 'id' in where clause is ambiguous
in SYSTEMPATH\Database\BaseConnection.php on line 645.
 1 SYSTEMPATH\Database\BaseBuilder.php(1616): CodeIgniter\Database\BaseConnection->query('SELECT `salarios`.*, `empleados`.`nombres` as `nombre_empleado`
FROM `salarios`
JOIN `empleados` ON `empleados`.`id` = `salarios`.`id_empleado`
WHERE `id` = :id:
 LIMIT 1', [...], false)
 2 SYSTEMPATH\Model.php(268): CodeIgniter\Database\BaseBuilder->get()
 3 SYSTEMPATH\BaseModel.php(656): CodeIgniter\Model->doFirst()
 4 APPPATH\Models\SalariosModel.php(33): CodeIgniter\BaseModel->first()
 5 APPPATH\Controllers\Salarios.php(32): App\Models\SalariosModel->traer_Salarios('3')
 6 SYSTEMPATH\CodeIgniter.php(934): App\Controllers\Salarios->buscar_Salarios('3')
 7 SYSTEMPATH\CodeIgniter.php(499): CodeIgniter\CodeIgniter->runController(Object(App\Controllers\Salarios))
 8 SYSTEMPATH\CodeIgniter.php(368): CodeIgniter\CodeIgniter->handleRequest(null, Object(Config\Cache), false)
 9 FCPATH\index.php(67): CodeIgniter\CodeIgniter->run()
ERROR - 2023-03-27 13:05:39 --> mysqli_sql_exception: Column 'id' in where clause is ambiguous in C:\xampp\htdocs\proyecto\system\Database\MySQLi\Connection.php:295
Stack trace:
#0 C:\xampp\htdocs\proyecto\system\Database\MySQLi\Connection.php(295): mysqli->query('SELECT `salario...', 0)
#1 C:\xampp\htdocs\proyecto\system\Database\BaseConnection.php(691): CodeIgniter\Database\MySQLi\Connection->execute('SELECT `salario...')
#2 C:\xampp\htdocs\proyecto\system\Database\BaseConnection.php(605): CodeIgniter\Database\BaseConnection->simpleQuery('SELECT `salario...')
#3 C:\xampp\htdocs\proyecto\system\Database\BaseBuilder.php(1616): CodeIgniter\Database\BaseConnection->query('SELECT `salario...', Array, false)
#4 C:\xampp\htdocs\proyecto\system\Model.php(268): CodeIgniter\Database\BaseBuilder->get()
#5 C:\xampp\htdocs\proyecto\system\BaseModel.php(656): CodeIgniter\Model->doFirst()
#6 C:\xampp\htdocs\proyecto\app\Models\SalariosModel.php(33): CodeIgniter\BaseModel->first()
#7 C:\xampp\htdocs\proyecto\app\Controllers\Salarios.php(32): App\Models\SalariosModel->traer_Salarios('3')
#8 C:\xampp\htdocs\proyecto\system\CodeIgniter.php(934): App\Controllers\Salarios->buscar_Salarios('3')
#9 C:\xampp\htdocs\proyecto\system\CodeIgniter.php(499): CodeIgniter\CodeIgniter->runController(Object(App\Controllers\Salarios))
#10 C:\xampp\htdocs\proyecto\system\CodeIgniter.php(368): CodeIgniter\CodeIgniter->handleRequest(NULL, Object(Config\Cache), false)
#11 C:\xampp\htdocs\proyecto\public\index.php(67): CodeIgniter\CodeIgniter->run()
#12 {main}
CRITICAL - 2023-03-27 13:05:39 --> Column 'id' in where clause is ambiguous
in SYSTEMPATH\Database\BaseConnection.php on line 645.
 1 SYSTEMPATH\Database\BaseBuilder.php(1616): CodeIgniter\Database\BaseConnection->query('SELECT `salarios`.*, `empleados`.`nombres` as `nombre_empleado`
FROM `salarios`
JOIN `empleados` ON `empleados`.`id` = `salarios`.`id_empleado`
WHERE `id` = :id:
 LIMIT 1', [...], false)
 2 SYSTEMPATH\Model.php(268): CodeIgniter\Database\BaseBuilder->get()
 3 SYSTEMPATH\BaseModel.php(656): CodeIgniter\Model->doFirst()
 4 APPPATH\Models\SalariosModel.php(33): CodeIgniter\BaseModel->first()
 5 APPPATH\Controllers\Salarios.php(32): App\Models\SalariosModel->traer_Salarios('3')
 6 SYSTEMPATH\CodeIgniter.php(934): App\Controllers\Salarios->buscar_Salarios('3')
 7 SYSTEMPATH\CodeIgniter.php(499): CodeIgniter\CodeIgniter->runController(Object(App\Controllers\Salarios))
 8 SYSTEMPATH\CodeIgniter.php(368): CodeIgniter\CodeIgniter->handleRequest(null, Object(Config\Cache), false)
 9 FCPATH\index.php(67): CodeIgniter\CodeIgniter->run()
ERROR - 2023-03-27 13:05:48 --> mysqli_sql_exception: Column 'id' in where clause is ambiguous in C:\xampp\htdocs\proyecto\system\Database\MySQLi\Connection.php:295
Stack trace:
#0 C:\xampp\htdocs\proyecto\system\Database\MySQLi\Connection.php(295): mysqli->query('SELECT `salario...', 0)
#1 C:\xampp\htdocs\proyecto\system\Database\BaseConnection.php(691): CodeIgniter\Database\MySQLi\Connection->execute('SELECT `salario...')
#2 C:\xampp\htdocs\proyecto\system\Database\BaseConnection.php(605): CodeIgniter\Database\BaseConnection->simpleQuery('SELECT `salario...')
#3 C:\xampp\htdocs\proyecto\system\Database\BaseBuilder.php(1616): CodeIgniter\Database\BaseConnection->query('SELECT `salario...', Array, false)
#4 C:\xampp\htdocs\proyecto\system\Model.php(268): CodeIgniter\Database\BaseBuilder->get()
#5 C:\xampp\htdocs\proyecto\system\BaseModel.php(656): CodeIgniter\Model->doFirst()
#6 C:\xampp\htdocs\proyecto\app\Models\SalariosModel.php(33): CodeIgniter\BaseModel->first()
#7 C:\xampp\htdocs\proyecto\app\Controllers\Salarios.php(32): App\Models\SalariosModel->traer_Salarios('2')
#8 C:\xampp\htdocs\proyecto\system\CodeIgniter.php(934): App\Controllers\Salarios->buscar_Salarios('2')
#9 C:\xampp\htdocs\proyecto\system\CodeIgniter.php(499): CodeIgniter\CodeIgniter->runController(Object(App\Controllers\Salarios))
#10 C:\xampp\htdocs\proyecto\system\CodeIgniter.php(368): CodeIgniter\CodeIgniter->handleRequest(NULL, Object(Config\Cache), false)
#11 C:\xampp\htdocs\proyecto\public\index.php(67): CodeIgniter\CodeIgniter->run()
#12 {main}
CRITICAL - 2023-03-27 13:05:48 --> Column 'id' in where clause is ambiguous
in SYSTEMPATH\Database\BaseConnection.php on line 645.
 1 SYSTEMPATH\Database\BaseBuilder.php(1616): CodeIgniter\Database\BaseConnection->query('SELECT `salarios`.*, `empleados`.`nombres` as `nombre_empleado`
FROM `salarios`
JOIN `empleados` ON `empleados`.`id` = `salarios`.`id_empleado`
WHERE `id` = :id:
 LIMIT 1', [...], false)
 2 SYSTEMPATH\Model.php(268): CodeIgniter\Database\BaseBuilder->get()
 3 SYSTEMPATH\BaseModel.php(656): CodeIgniter\Model->doFirst()
 4 APPPATH\Models\SalariosModel.php(33): CodeIgniter\BaseModel->first()
 5 APPPATH\Controllers\Salarios.php(32): App\Models\SalariosModel->traer_Salarios('2')
 6 SYSTEMPATH\CodeIgniter.php(934): App\Controllers\Salarios->buscar_Salarios('2')
 7 SYSTEMPATH\CodeIgniter.php(499): CodeIgniter\CodeIgniter->runController(Object(App\Controllers\Salarios))
 8 SYSTEMPATH\CodeIgniter.php(368): CodeIgniter\CodeIgniter->handleRequest(null, Object(Config\Cache), false)
 9 FCPATH\index.php(67): CodeIgniter\CodeIgniter->run()
ERROR - 2023-03-27 13:08:08 --> mysqli_sql_exception: Column 'id' in where clause is ambiguous in C:\xampp\htdocs\proyecto\system\Database\MySQLi\Connection.php:295
Stack trace:
#0 C:\xampp\htdocs\proyecto\system\Database\MySQLi\Connection.php(295): mysqli->query('SELECT `salario...', 0)
#1 C:\xampp\htdocs\proyecto\system\Database\BaseConnection.php(691): CodeIgniter\Database\MySQLi\Connection->execute('SELECT `salario...')
#2 C:\xampp\htdocs\proyecto\system\Database\BaseConnection.php(605): CodeIgniter\Database\BaseConnection->simpleQuery('SELECT `salario...')
#3 C:\xampp\htdocs\proyecto\system\Database\BaseBuilder.php(1616): CodeIgniter\Database\BaseConnection->query('SELECT `salario...', Array, false)
#4 C:\xampp\htdocs\proyecto\system\Model.php(268): CodeIgniter\Database\BaseBuilder->get()
#5 C:\xampp\htdocs\proyecto\system\BaseModel.php(656): CodeIgniter\Model->doFirst()
#6 C:\xampp\htdocs\proyecto\app\Models\SalariosModel.php(33): CodeIgniter\BaseModel->first()
#7 C:\xampp\htdocs\proyecto\app\Controllers\Salarios.php(32): App\Models\SalariosModel->traer_Salarios('3')
#8 C:\xampp\htdocs\proyecto\system\CodeIgniter.php(934): App\Controllers\Salarios->buscar_Salarios('3')
#9 C:\xampp\htdocs\proyecto\system\CodeIgniter.php(499): CodeIgniter\CodeIgniter->runController(Object(App\Controllers\Salarios))
#10 C:\xampp\htdocs\proyecto\system\CodeIgniter.php(368): CodeIgniter\CodeIgniter->handleRequest(NULL, Object(Config\Cache), false)
#11 C:\xampp\htdocs\proyecto\public\index.php(67): CodeIgniter\CodeIgniter->run()
#12 {main}
CRITICAL - 2023-03-27 13:08:08 --> Column 'id' in where clause is ambiguous
in SYSTEMPATH\Database\BaseConnection.php on line 645.
 1 SYSTEMPATH\Database\BaseBuilder.php(1616): CodeIgniter\Database\BaseConnection->query('SELECT `salarios`.*, `empleados`.`nombres` as `nombre_empleado`
FROM `salarios`
JOIN `empleados` ON `empleados`.`id` = `salarios`.`id_empleado`
WHERE `id` = :id:
 LIMIT 1', [...], false)
 2 SYSTEMPATH\Model.php(268): CodeIgniter\Database\BaseBuilder->get()
 3 SYSTEMPATH\BaseModel.php(656): CodeIgniter\Model->doFirst()
 4 APPPATH\Models\SalariosModel.php(33): CodeIgniter\BaseModel->first()
 5 APPPATH\Controllers\Salarios.php(32): App\Models\SalariosModel->traer_Salarios('3')
 6 SYSTEMPATH\CodeIgniter.php(934): App\Controllers\Salarios->buscar_Salarios('3')
 7 SYSTEMPATH\CodeIgniter.php(499): CodeIgniter\CodeIgniter->runController(Object(App\Controllers\Salarios))
 8 SYSTEMPATH\CodeIgniter.php(368): CodeIgniter\CodeIgniter->handleRequest(null, Object(Config\Cache), false)
 9 FCPATH\index.php(67): CodeIgniter\CodeIgniter->run()
ERROR - 2023-03-27 13:10:16 --> mysqli_sql_exception: Column 'id' in where clause is ambiguous in C:\xampp\htdocs\proyecto\system\Database\MySQLi\Connection.php:295
Stack trace:
#0 C:\xampp\htdocs\proyecto\system\Database\MySQLi\Connection.php(295): mysqli->query('SELECT `salario...', 0)
#1 C:\xampp\htdocs\proyecto\system\Database\BaseConnection.php(691): CodeIgniter\Database\MySQLi\Connection->execute('SELECT `salario...')
#2 C:\xampp\htdocs\proyecto\system\Database\BaseConnection.php(605): CodeIgniter\Database\BaseConnection->simpleQuery('SELECT `salario...')
#3 C:\xampp\htdocs\proyecto\system\Database\BaseBuilder.php(1616): CodeIgniter\Database\BaseConnection->query('SELECT `salario...', Array, false)
#4 C:\xampp\htdocs\proyecto\system\Model.php(268): CodeIgniter\Database\BaseBuilder->get()
#5 C:\xampp\htdocs\proyecto\system\BaseModel.php(656): CodeIgniter\Model->doFirst()
#6 C:\xampp\htdocs\proyecto\app\Models\SalariosModel.php(33): CodeIgniter\BaseModel->first()
#7 C:\xampp\htdocs\proyecto\app\Controllers\Salarios.php(32): App\Models\SalariosModel->traer_Salarios('3')
#8 C:\xampp\htdocs\proyecto\system\CodeIgniter.php(934): App\Controllers\Salarios->buscar_Salarios('3')
#9 C:\xampp\htdocs\proyecto\system\CodeIgniter.php(499): CodeIgniter\CodeIgniter->runController(Object(App\Controllers\Salarios))
#10 C:\xampp\htdocs\proyecto\system\CodeIgniter.php(368): CodeIgniter\CodeIgniter->handleRequest(NULL, Object(Config\Cache), false)
#11 C:\xampp\htdocs\proyecto\public\index.php(67): CodeIgniter\CodeIgniter->run()
#12 {main}
CRITICAL - 2023-03-27 13:10:16 --> Column 'id' in where clause is ambiguous
in SYSTEMPATH\Database\BaseConnection.php on line 645.
 1 SYSTEMPATH\Database\BaseBuilder.php(1616): CodeIgniter\Database\BaseConnection->query('SELECT `salarios`.*, `empleados`.`nombres` as `nombre_empleado`
FROM `salarios`
JOIN `empleados` ON `empleados`.`id` = `salarios`.`id_empleado`
WHERE `id` = :id:
 LIMIT 1', [...], false)
 2 SYSTEMPATH\Model.php(268): CodeIgniter\Database\BaseBuilder->get()
 3 SYSTEMPATH\BaseModel.php(656): CodeIgniter\Model->doFirst()
 4 APPPATH\Models\SalariosModel.php(33): CodeIgniter\BaseModel->first()
 5 APPPATH\Controllers\Salarios.php(32): App\Models\SalariosModel->traer_Salarios('3')
 6 SYSTEMPATH\CodeIgniter.php(934): App\Controllers\Salarios->buscar_Salarios('3')
 7 SYSTEMPATH\CodeIgniter.php(499): CodeIgniter\CodeIgniter->runController(Object(App\Controllers\Salarios))
 8 SYSTEMPATH\CodeIgniter.php(368): CodeIgniter\CodeIgniter->handleRequest(null, Object(Config\Cache), false)
 9 FCPATH\index.php(67): CodeIgniter\CodeIgniter->run()
ERROR - 2023-03-27 13:10:24 --> mysqli_sql_exception: Column 'id' in where clause is ambiguous in C:\xampp\htdocs\proyecto\system\Database\MySQLi\Connection.php:295
Stack trace:
#0 C:\xampp\htdocs\proyecto\system\Database\MySQLi\Connection.php(295): mysqli->query('SELECT `salario...', 0)
#1 C:\xampp\htdocs\proyecto\system\Database\BaseConnection.php(691): CodeIgniter\Database\MySQLi\Connection->execute('SELECT `salario...')
#2 C:\xampp\htdocs\proyecto\system\Database\BaseConnection.php(605): CodeIgniter\Database\BaseConnection->simpleQuery('SELECT `salario...')
#3 C:\xampp\htdocs\proyecto\system\Database\BaseBuilder.php(1616): CodeIgniter\Database\BaseConnection->query('SELECT `salario...', Array, false)
#4 C:\xampp\htdocs\proyecto\system\Model.php(268): CodeIgniter\Database\BaseBuilder->get()
#5 C:\xampp\htdocs\proyecto\system\BaseModel.php(656): CodeIgniter\Model->doFirst()
#6 C:\xampp\htdocs\proyecto\app\Models\SalariosModel.php(33): CodeIgniter\BaseModel->first()
#7 C:\xampp\htdocs\proyecto\app\Controllers\Salarios.php(32): App\Models\SalariosModel->traer_Salarios('1')
#8 C:\xampp\htdocs\proyecto\system\CodeIgniter.php(934): App\Controllers\Salarios->buscar_Salarios('1')
#9 C:\xampp\htdocs\proyecto\system\CodeIgniter.php(499): CodeIgniter\CodeIgniter->runController(Object(App\Controllers\Salarios))
#10 C:\xampp\htdocs\proyecto\system\CodeIgniter.php(368): CodeIgniter\CodeIgniter->handleRequest(NULL, Object(Config\Cache), false)
#11 C:\xampp\htdocs\proyecto\public\index.php(67): CodeIgniter\CodeIgniter->run()
#12 {main}
CRITICAL - 2023-03-27 13:10:24 --> Column 'id' in where clause is ambiguous
in SYSTEMPATH\Database\BaseConnection.php on line 645.
 1 SYSTEMPATH\Database\BaseBuilder.php(1616): CodeIgniter\Database\BaseConnection->query('SELECT `salarios`.*, `empleados`.`nombres` as `nombre_empleado`
FROM `salarios`
JOIN `empleados` ON `empleados`.`id` = `salarios`.`id_empleado`
WHERE `id` = :id:
 LIMIT 1', [...], false)
 2 SYSTEMPATH\Model.php(268): CodeIgniter\Database\BaseBuilder->get()
 3 SYSTEMPATH\BaseModel.php(656): CodeIgniter\Model->doFirst()
 4 APPPATH\Models\SalariosModel.php(33): CodeIgniter\BaseModel->first()
 5 APPPATH\Controllers\Salarios.php(32): App\Models\SalariosModel->traer_Salarios('1')
 6 SYSTEMPATH\CodeIgniter.php(934): App\Controllers\Salarios->buscar_Salarios('1')
 7 SYSTEMPATH\CodeIgniter.php(499): CodeIgniter\CodeIgniter->runController(Object(App\Controllers\Salarios))
 8 SYSTEMPATH\CodeIgniter.php(368): CodeIgniter\CodeIgniter->handleRequest(null, Object(Config\Cache), false)
 9 FCPATH\index.php(67): CodeIgniter\CodeIgniter->run()
ERROR - 2023-03-27 13:20:47 --> mysqli_sql_exception: Unknown column 'departamentos.estado' in 'where clause' in C:\xampp\htdocs\proyecto\system\Database\MySQLi\Connection.php:295
Stack trace:
#0 C:\xampp\htdocs\proyecto\system\Database\MySQLi\Connection.php(295): mysqli->query('SELECT `salario...', 0)
#1 C:\xampp\htdocs\proyecto\system\Database\BaseConnection.php(691): CodeIgniter\Database\MySQLi\Connection->execute('SELECT `salario...')
#2 C:\xampp\htdocs\proyecto\system\Database\BaseConnection.php(605): CodeIgniter\Database\BaseConnection->simpleQuery('SELECT `salario...')
#3 C:\xampp\htdocs\proyecto\system\Database\BaseBuilder.php(1616): CodeIgniter\Database\BaseConnection->query('SELECT `salario...', Array, false)
#4 C:\xampp\htdocs\proyecto\system\Model.php(241): CodeIgniter\Database\BaseBuilder->get()
#5 C:\xampp\htdocs\proyecto\system\BaseModel.php(618): CodeIgniter\Model->doFindAll(0, 0)
#6 C:\xampp\htdocs\proyecto\app\Models\SalariosModel.php(75): CodeIgniter\BaseModel->findAll()
#7 C:\xampp\htdocs\proyecto\app\Controllers\Salarios.php(62): App\Models\SalariosModel->eliminados_salarios()
#8 C:\xampp\htdocs\proyecto\system\CodeIgniter.php(934): App\Controllers\Salarios->eliminados()
#9 C:\xampp\htdocs\proyecto\system\CodeIgniter.php(499): CodeIgniter\CodeIgniter->runController(Object(App\Controllers\Salarios))
#10 C:\xampp\htdocs\proyecto\system\CodeIgniter.php(368): CodeIgniter\CodeIgniter->handleRequest(NULL, Object(Config\Cache), false)
#11 C:\xampp\htdocs\proyecto\public\index.php(67): CodeIgniter\CodeIgniter->run()
#12 {main}
CRITICAL - 2023-03-27 13:20:47 --> Unknown column 'departamentos.estado' in 'where clause'
in SYSTEMPATH\Database\BaseConnection.php on line 645.
 1 SYSTEMPATH\Database\BaseBuilder.php(1616): CodeIgniter\Database\BaseConnection->query('SELECT `salarios`.*, `empleados`.`nombres` as `nombre_empleado`
FROM `salarios`
JOIN `empleados` ON `empleados`.`id` = `salarios`.`id_empleado`
WHERE `departamentos`.`estado` = :departamentos.estado:', [...], false)
 2 SYSTEMPATH\Model.php(241): CodeIgniter\Database\BaseBuilder->get()
 3 SYSTEMPATH\BaseModel.php(618): CodeIgniter\Model->doFindAll(0, 0)
 4 APPPATH\Models\SalariosModel.php(75): CodeIgniter\BaseModel->findAll()
 5 APPPATH\Controllers\Salarios.php(62): App\Models\SalariosModel->eliminados_salarios()
 6 SYSTEMPATH\CodeIgniter.php(934): App\Controllers\Salarios->eliminados()
 7 SYSTEMPATH\CodeIgniter.php(499): CodeIgniter\CodeIgniter->runController(Object(App\Controllers\Salarios))
 8 SYSTEMPATH\CodeIgniter.php(368): CodeIgniter\CodeIgniter->handleRequest(null, Object(Config\Cache), false)
 9 FCPATH\index.php(67): CodeIgniter\CodeIgniter->run()
ERROR - 2023-03-27 13:20:57 --> mysqli_sql_exception: Unknown column 'departamentos.estado' in 'where clause' in C:\xampp\htdocs\proyecto\system\Database\MySQLi\Connection.php:295
Stack trace:
#0 C:\xampp\htdocs\proyecto\system\Database\MySQLi\Connection.php(295): mysqli->query('SELECT `salario...', 0)
#1 C:\xampp\htdocs\proyecto\system\Database\BaseConnection.php(691): CodeIgniter\Database\MySQLi\Connection->execute('SELECT `salario...')
#2 C:\xampp\htdocs\proyecto\system\Database\BaseConnection.php(605): CodeIgniter\Database\BaseConnection->simpleQuery('SELECT `salario...')
#3 C:\xampp\htdocs\proyecto\system\Database\BaseBuilder.php(1616): CodeIgniter\Database\BaseConnection->query('SELECT `salario...', Array, false)
#4 C:\xampp\htdocs\proyecto\system\Model.php(241): CodeIgniter\Database\BaseBuilder->get()
#5 C:\xampp\htdocs\proyecto\system\BaseModel.php(618): CodeIgniter\Model->doFindAll(0, 0)
#6 C:\xampp\htdocs\proyecto\app\Models\SalariosModel.php(75): CodeIgniter\BaseModel->findAll()
#7 C:\xampp\htdocs\proyecto\app\Controllers\Salarios.php(62): App\Models\SalariosModel->eliminados_salarios()
#8 C:\xampp\htdocs\proyecto\system\CodeIgniter.php(934): App\Controllers\Salarios->eliminados()
#9 C:\xampp\htdocs\proyecto\system\CodeIgniter.php(499): CodeIgniter\CodeIgniter->runController(Object(App\Controllers\Salarios))
#10 C:\xampp\htdocs\proyecto\system\CodeIgniter.php(368): CodeIgniter\CodeIgniter->handleRequest(NULL, Object(Config\Cache), false)
#11 C:\xampp\htdocs\proyecto\public\index.php(67): CodeIgniter\CodeIgniter->run()
#12 {main}
CRITICAL - 2023-03-27 13:20:57 --> Unknown column 'departamentos.estado' in 'where clause'
in SYSTEMPATH\Database\BaseConnection.php on line 645.
 1 SYSTEMPATH\Database\BaseBuilder.php(1616): CodeIgniter\Database\BaseConnection->query('SELECT `salarios`.*, `empleados`.`nombres` as `nombre_empleado`
FROM `salarios`
JOIN `empleados` ON `empleados`.`id` = `salarios`.`id_empleado`
WHERE `departamentos`.`estado` = :departamentos.estado:', [...], false)
 2 SYSTEMPATH\Model.php(241): CodeIgniter\Database\BaseBuilder->get()
 3 SYSTEMPATH\BaseModel.php(618): CodeIgniter\Model->doFindAll(0, 0)
 4 APPPATH\Models\SalariosModel.php(75): CodeIgniter\BaseModel->findAll()
 5 APPPATH\Controllers\Salarios.php(62): App\Models\SalariosModel->eliminados_salarios()
 6 SYSTEMPATH\CodeIgniter.php(934): App\Controllers\Salarios->eliminados()
 7 SYSTEMPATH\CodeIgniter.php(499): CodeIgniter\CodeIgniter->runController(Object(App\Controllers\Salarios))
 8 SYSTEMPATH\CodeIgniter.php(368): CodeIgniter\CodeIgniter->handleRequest(null, Object(Config\Cache), false)
 9 FCPATH\index.php(67): CodeIgniter\CodeIgniter->run()
CRITICAL - 2023-03-27 13:21:53 --> Undefined variable $departamentos
in APPPATH\Views\salarios\eliminados.php on line 36.
 1 APPPATH\Views\salarios\eliminados.php(36): CodeIgniter\Debug\Exceptions->errorHandler(2, 'Undefined variable $departamentos', 'APPPATH\\Views\\salarios\\eliminados.php', 36)
 2 SYSTEMPATH\View\View.php(213): include('APPPATH\\Views\\salarios\\eliminados.php')
 3 SYSTEMPATH\View\View.php(216): CodeIgniter\View\View->CodeIgniter\View\{closure}()
 4 SYSTEMPATH\Common.php(1184): CodeIgniter\View\View->render('salarios/eliminados', [], true)
 5 APPPATH\Controllers\Salarios.php(66): view('salarios/eliminados', [...])
 6 SYSTEMPATH\CodeIgniter.php(934): App\Controllers\Salarios->eliminados()
 7 SYSTEMPATH\CodeIgniter.php(499): CodeIgniter\CodeIgniter->runController(Object(App\Controllers\Salarios))
 8 SYSTEMPATH\CodeIgniter.php(368): CodeIgniter\CodeIgniter->handleRequest(null, Object(Config\Cache), false)
 9 FCPATH\index.php(67): CodeIgniter\CodeIgniter->run()
CRITICAL - 2023-03-27 13:42:52 --> Too few arguments to function App\Controllers\Salarios::index(), 0 passed in C:\xampp\htdocs\proyecto\system\CodeIgniter.php on line 934 and exactly 1 expected
in APPPATH\Controllers\Salarios.php on line 17.
 1 SYSTEMPATH\CodeIgniter.php(934): App\Controllers\Salarios->index()
 2 SYSTEMPATH\CodeIgniter.php(499): CodeIgniter\CodeIgniter->runController(Object(App\Controllers\Salarios))
 3 SYSTEMPATH\CodeIgniter.php(368): CodeIgniter\CodeIgniter->handleRequest(null, Object(Config\Cache), false)
 4 FCPATH\index.php(67): CodeIgniter\CodeIgniter->run()
CRITICAL - 2023-03-27 13:46:18 --> Too few arguments to function App\Controllers\Salarios::index(), 0 passed in C:\xampp\htdocs\proyecto\system\CodeIgniter.php on line 934 and exactly 1 expected
in APPPATH\Controllers\Salarios.php on line 17.
 1 SYSTEMPATH\CodeIgniter.php(934): App\Controllers\Salarios->index()
 2 SYSTEMPATH\CodeIgniter.php(499): CodeIgniter\CodeIgniter->runController(Object(App\Controllers\Salarios))
 3 SYSTEMPATH\CodeIgniter.php(368): CodeIgniter\CodeIgniter->handleRequest(null, Object(Config\Cache), false)
 4 FCPATH\index.php(67): CodeIgniter\CodeIgniter->run()
CRITICAL - 2023-03-27 13:49:18 --> Too few arguments to function App\Controllers\Salarios::index(), 0 passed in C:\xampp\htdocs\proyecto\system\CodeIgniter.php on line 934 and exactly 1 expected
in APPPATH\Controllers\Salarios.php on line 17.
 1 SYSTEMPATH\CodeIgniter.php(934): App\Controllers\Salarios->index()
 2 SYSTEMPATH\CodeIgniter.php(499): CodeIgniter\CodeIgniter->runController(Object(App\Controllers\Salarios))
 3 SYSTEMPATH\CodeIgniter.php(368): CodeIgniter\CodeIgniter->handleRequest(null, Object(Config\Cache), false)
 4 FCPATH\index.php(67): CodeIgniter\CodeIgniter->run()
CRITICAL - 2023-03-27 13:49:26 --> Too few arguments to function App\Controllers\Salarios::index(), 0 passed in C:\xampp\htdocs\proyecto\system\CodeIgniter.php on line 934 and exactly 1 expected
in APPPATH\Controllers\Salarios.php on line 17.
 1 SYSTEMPATH\CodeIgniter.php(934): App\Controllers\Salarios->index()
 2 SYSTEMPATH\CodeIgniter.php(499): CodeIgniter\CodeIgniter->runController(Object(App\Controllers\Salarios))
 3 SYSTEMPATH\CodeIgniter.php(368): CodeIgniter\CodeIgniter->handleRequest(null, Object(Config\Cache), false)
 4 FCPATH\index.php(67): CodeIgniter\CodeIgniter->run()
CRITICAL - 2023-03-27 13:50:59 --> Too few arguments to function App\Controllers\Salarios::index(), 0 passed in C:\xampp\htdocs\proyecto\system\CodeIgniter.php on line 934 and exactly 1 expected
in APPPATH\Controllers\Salarios.php on line 17.
 1 SYSTEMPATH\CodeIgniter.php(934): App\Controllers\Salarios->index()
 2 SYSTEMPATH\CodeIgniter.php(499): CodeIgniter\CodeIgniter->runController(Object(App\Controllers\Salarios))
 3 SYSTEMPATH\CodeIgniter.php(368): CodeIgniter\CodeIgniter->handleRequest(null, Object(Config\Cache), false)
 4 FCPATH\index.php(67): CodeIgniter\CodeIgniter->run()
CRITICAL - 2023-03-27 13:52:47 --> Too few arguments to function App\Controllers\Salarios::index(), 0 passed in C:\xampp\htdocs\proyecto\system\CodeIgniter.php on line 934 and exactly 1 expected
in APPPATH\Controllers\Salarios.php on line 17.
 1 SYSTEMPATH\CodeIgniter.php(934): App\Controllers\Salarios->index()
 2 SYSTEMPATH\CodeIgniter.php(499): CodeIgniter\CodeIgniter->runController(Object(App\Controllers\Salarios))
 3 SYSTEMPATH\CodeIgniter.php(368): CodeIgniter\CodeIgniter->handleRequest(null, Object(Config\Cache), false)
 4 FCPATH\index.php(67): CodeIgniter\CodeIgniter->run()
CRITICAL - 2023-03-27 13:52:50 --> Too few arguments to function App\Controllers\Salarios::index(), 0 passed in C:\xampp\htdocs\proyecto\system\CodeIgniter.php on line 934 and exactly 1 expected
in APPPATH\Controllers\Salarios.php on line 17.
 1 SYSTEMPATH\CodeIgniter.php(934): App\Controllers\Salarios->index()
 2 SYSTEMPATH\CodeIgniter.php(499): CodeIgniter\CodeIgniter->runController(Object(App\Controllers\Salarios))
 3 SYSTEMPATH\CodeIgniter.php(368): CodeIgniter\CodeIgniter->handleRequest(null, Object(Config\Cache), false)
 4 FCPATH\index.php(67): CodeIgniter\CodeIgniter->run()
CRITICAL - 2023-03-27 13:53:52 --> Undefined variable $id
in APPPATH\Controllers\Salarios.php on line 19.
 1 APPPATH\Controllers\Salarios.php(19): CodeIgniter\Debug\Exceptions->errorHandler(2, 'Undefined variable $id', 'APPPATH\\Controllers\\Salarios.php', 19)
 2 SYSTEMPATH\CodeIgniter.php(934): App\Controllers\Salarios->index()
 3 SYSTEMPATH\CodeIgniter.php(499): CodeIgniter\CodeIgniter->runController(Object(App\Controllers\Salarios))
 4 SYSTEMPATH\CodeIgniter.php(368): CodeIgniter\CodeIgniter->handleRequest(null, Object(Config\Cache), false)
 5 FCPATH\index.php(67): CodeIgniter\CodeIgniter->run()
CRITICAL - 2023-03-27 13:53:53 --> Undefined variable $id
in APPPATH\Controllers\Salarios.php on line 19.
 1 APPPATH\Controllers\Salarios.php(19): CodeIgniter\Debug\Exceptions->errorHandler(2, 'Undefined variable $id', 'APPPATH\\Controllers\\Salarios.php', 19)
 2 SYSTEMPATH\CodeIgniter.php(934): App\Controllers\Salarios->index()
 3 SYSTEMPATH\CodeIgniter.php(499): CodeIgniter\CodeIgniter->runController(Object(App\Controllers\Salarios))
 4 SYSTEMPATH\CodeIgniter.php(368): CodeIgniter\CodeIgniter->handleRequest(null, Object(Config\Cache), false)
 5 FCPATH\index.php(67): CodeIgniter\CodeIgniter->run()
CRITICAL - 2023-03-27 13:53:53 --> Undefined variable $id
in APPPATH\Controllers\Salarios.php on line 19.
 1 APPPATH\Controllers\Salarios.php(19): CodeIgniter\Debug\Exceptions->errorHandler(2, 'Undefined variable $id', 'APPPATH\\Controllers\\Salarios.php', 19)
 2 SYSTEMPATH\CodeIgniter.php(934): App\Controllers\Salarios->index()
 3 SYSTEMPATH\CodeIgniter.php(499): CodeIgniter\CodeIgniter->runController(Object(App\Controllers\Salarios))
 4 SYSTEMPATH\CodeIgniter.php(368): CodeIgniter\CodeIgniter->handleRequest(null, Object(Config\Cache), false)
 5 FCPATH\index.php(67): CodeIgniter\CodeIgniter->run()
CRITICAL - 2023-03-27 13:53:53 --> Undefined variable $id
in APPPATH\Controllers\Salarios.php on line 19.
 1 APPPATH\Controllers\Salarios.php(19): CodeIgniter\Debug\Exceptions->errorHandler(2, 'Undefined variable $id', 'APPPATH\\Controllers\\Salarios.php', 19)
 2 SYSTEMPATH\CodeIgniter.php(934): App\Controllers\Salarios->index()
 3 SYSTEMPATH\CodeIgniter.php(499): CodeIgniter\CodeIgniter->runController(Object(App\Controllers\Salarios))
 4 SYSTEMPATH\CodeIgniter.php(368): CodeIgniter\CodeIgniter->handleRequest(null, Object(Config\Cache), false)
 5 FCPATH\index.php(67): CodeIgniter\CodeIgniter->run()
CRITICAL - 2023-03-27 13:54:00 --> Too few arguments to function App\Models\SalariosModel::obtenerSalariosId(), 0 passed in C:\xampp\htdocs\proyecto\app\Controllers\Salarios.php on line 20 and exactly 1 expected
in APPPATH\Models\SalariosModel.php on line 37.
 1 APPPATH\Controllers\Salarios.php(20): App\Models\SalariosModel->obtenerSalariosId()
 2 SYSTEMPATH\CodeIgniter.php(934): App\Controllers\Salarios->index()
 3 SYSTEMPATH\CodeIgniter.php(499): CodeIgniter\CodeIgniter->runController(Object(App\Controllers\Salarios))
 4 SYSTEMPATH\CodeIgniter.php(368): CodeIgniter\CodeIgniter->handleRequest(null, Object(Config\Cache), false)
 5 FCPATH\index.php(67): CodeIgniter\CodeIgniter->run()
CRITICAL - 2023-03-27 13:54:01 --> Too few arguments to function App\Models\SalariosModel::obtenerSalariosId(), 0 passed in C:\xampp\htdocs\proyecto\app\Controllers\Salarios.php on line 20 and exactly 1 expected
in APPPATH\Models\SalariosModel.php on line 37.
 1 APPPATH\Controllers\Salarios.php(20): App\Models\SalariosModel->obtenerSalariosId()
 2 SYSTEMPATH\CodeIgniter.php(934): App\Controllers\Salarios->index()
 3 SYSTEMPATH\CodeIgniter.php(499): CodeIgniter\CodeIgniter->runController(Object(App\Controllers\Salarios))
 4 SYSTEMPATH\CodeIgniter.php(368): CodeIgniter\CodeIgniter->handleRequest(null, Object(Config\Cache), false)
 5 FCPATH\index.php(67): CodeIgniter\CodeIgniter->run()
CRITICAL - 2023-03-27 13:54:01 --> Too few arguments to function App\Models\SalariosModel::obtenerSalariosId(), 0 passed in C:\xampp\htdocs\proyecto\app\Controllers\Salarios.php on line 20 and exactly 1 expected
in APPPATH\Models\SalariosModel.php on line 37.
 1 APPPATH\Controllers\Salarios.php(20): App\Models\SalariosModel->obtenerSalariosId()
 2 SYSTEMPATH\CodeIgniter.php(934): App\Controllers\Salarios->index()
 3 SYSTEMPATH\CodeIgniter.php(499): CodeIgniter\CodeIgniter->runController(Object(App\Controllers\Salarios))
 4 SYSTEMPATH\CodeIgniter.php(368): CodeIgniter\CodeIgniter->handleRequest(null, Object(Config\Cache), false)
 5 FCPATH\index.php(67): CodeIgniter\CodeIgniter->run()
CRITICAL - 2023-03-27 13:54:36 --> Too few arguments to function App\Controllers\Salarios::index(), 0 passed in C:\xampp\htdocs\proyecto\system\CodeIgniter.php on line 934 and exactly 1 expected
in APPPATH\Controllers\Salarios.php on line 17.
 1 SYSTEMPATH\CodeIgniter.php(934): App\Controllers\Salarios->index()
 2 SYSTEMPATH\CodeIgniter.php(499): CodeIgniter\CodeIgniter->runController(Object(App\Controllers\Salarios))
 3 SYSTEMPATH\CodeIgniter.php(368): CodeIgniter\CodeIgniter->handleRequest(null, Object(Config\Cache), false)
 4 FCPATH\index.php(67): CodeIgniter\CodeIgniter->run()
CRITICAL - 2023-03-27 13:54:55 --> Too few arguments to function App\Controllers\Salarios::index(), 0 passed in C:\xampp\htdocs\proyecto\system\CodeIgniter.php on line 934 and exactly 1 expected
in APPPATH\Controllers\Salarios.php on line 17.
 1 SYSTEMPATH\CodeIgniter.php(934): App\Controllers\Salarios->index()
 2 SYSTEMPATH\CodeIgniter.php(499): CodeIgniter\CodeIgniter->runController(Object(App\Controllers\Salarios))
 3 SYSTEMPATH\CodeIgniter.php(368): CodeIgniter\CodeIgniter->handleRequest(null, Object(Config\Cache), false)
 4 FCPATH\index.php(67): CodeIgniter\CodeIgniter->run()
CRITICAL - 2023-03-27 13:55:25 --> Too few arguments to function App\Controllers\Salarios::index(), 0 passed in C:\xampp\htdocs\proyecto\system\CodeIgniter.php on line 934 and exactly 1 expected
in APPPATH\Controllers\Salarios.php on line 17.
 1 SYSTEMPATH\CodeIgniter.php(934): App\Controllers\Salarios->index()
 2 SYSTEMPATH\CodeIgniter.php(499): CodeIgniter\CodeIgniter->runController(Object(App\Controllers\Salarios))
 3 SYSTEMPATH\CodeIgniter.php(368): CodeIgniter\CodeIgniter->handleRequest(null, Object(Config\Cache), false)
 4 FCPATH\index.php(67): CodeIgniter\CodeIgniter->run()
CRITICAL - 2023-03-27 14:49:44 --> Class "App\Models\SalariosIModel" not found
in APPPATH\Controllers\SalariosI.php on line 14.
 1 SYSTEMPATH\CodeIgniter.php(906): App\Controllers\SalariosI->__construct()
 2 SYSTEMPATH\CodeIgniter.php(490): CodeIgniter\CodeIgniter->createController()
 3 SYSTEMPATH\CodeIgniter.php(368): CodeIgniter\CodeIgniter->handleRequest(null, Object(Config\Cache), false)
 4 FCPATH\index.php(67): CodeIgniter\CodeIgniter->run()
CRITICAL - 2023-03-27 15:06:58 --> Too few arguments to function App\Models\SalariosModel::obtenerSalarios(), 0 passed in C:\xampp\htdocs\proyecto\app\Controllers\Salarios.php on line 20 and exactly 1 expected
in APPPATH\Models\SalariosModel.php on line 37.
 1 APPPATH\Controllers\Salarios.php(20): App\Models\SalariosModel->obtenerSalarios()
 2 SYSTEMPATH\CodeIgniter.php(934): App\Controllers\Salarios->index('1')
 3 SYSTEMPATH\CodeIgniter.php(499): CodeIgniter\CodeIgniter->runController(Object(App\Controllers\Salarios))
 4 SYSTEMPATH\CodeIgniter.php(368): CodeIgniter\CodeIgniter->handleRequest(null, Object(Config\Cache), false)
 5 FCPATH\index.php(67): CodeIgniter\CodeIgniter->run()
CRITICAL - 2023-03-27 15:10:18 --> Too few arguments to function App\Controllers\Salarios::index(), 0 passed in C:\xampp\htdocs\proyecto\system\CodeIgniter.php on line 934 and exactly 1 expected
in APPPATH\Controllers\Salarios.php on line 17.
 1 SYSTEMPATH\CodeIgniter.php(934): App\Controllers\Salarios->index()
 2 SYSTEMPATH\CodeIgniter.php(499): CodeIgniter\CodeIgniter->runController(Object(App\Controllers\Salarios))
 3 SYSTEMPATH\CodeIgniter.php(368): CodeIgniter\CodeIgniter->handleRequest(null, Object(Config\Cache), false)
 4 FCPATH\index.php(67): CodeIgniter\CodeIgniter->run()
CRITICAL - 2023-03-27 16:28:01 --> Undefined array key "nombre_empleado"
in APPPATH\Views\salarios\salarios.php on line 32.
 1 APPPATH\Views\salarios\salarios.php(32): CodeIgniter\Debug\Exceptions->errorHandler(2, 'Undefined array key "nombre_empleado"', 'APPPATH\\Views\\salarios\\salarios.php', 32)
 2 SYSTEMPATH\View\View.php(213): include('APPPATH\\Views\\salarios\\salarios.php')
 3 SYSTEMPATH\View\View.php(216): CodeIgniter\View\View->CodeIgniter\View\{closure}()
 4 SYSTEMPATH\Common.php(1184): CodeIgniter\View\View->render('/salarios/salarios', [], true)
 5 APPPATH\Controllers\Salarios.php(35): view('/salarios/salarios', [...])
 6 SYSTEMPATH\CodeIgniter.php(934): App\Controllers\Salarios->salariosG('1')
 7 SYSTEMPATH\CodeIgniter.php(499): CodeIgniter\CodeIgniter->runController(Object(App\Controllers\Salarios))
 8 SYSTEMPATH\CodeIgniter.php(368): CodeIgniter\CodeIgniter->handleRequest(null, Object(Config\Cache), false)
 9 FCPATH\index.php(67): CodeIgniter\CodeIgniter->run()
CRITICAL - 2023-03-27 16:29:00 --> Cannot access offset of type string on string
in APPPATH\Views\salarios\salarios.php on line 30.
 1 SYSTEMPATH\View\View.php(213): include()
 2 SYSTEMPATH\View\View.php(216): CodeIgniter\View\View->CodeIgniter\View\{closure}()
 3 SYSTEMPATH\Common.php(1184): CodeIgniter\View\View->render('/salarios/salarios', [], true)
 4 APPPATH\Controllers\Salarios.php(35): view('/salarios/salarios', [...])
 5 SYSTEMPATH\CodeIgniter.php(934): App\Controllers\Salarios->salariosG('1')
 6 SYSTEMPATH\CodeIgniter.php(499): CodeIgniter\CodeIgniter->runController(Object(App\Controllers\Salarios))
 7 SYSTEMPATH\CodeIgniter.php(368): CodeIgniter\CodeIgniter->handleRequest(null, Object(Config\Cache), false)
 8 FCPATH\index.php(67): CodeIgniter\CodeIgniter->run()
CRITICAL - 2023-03-27 16:29:01 --> Cannot access offset of type string on string
in APPPATH\Views\salarios\salarios.php on line 30.
 1 SYSTEMPATH\View\View.php(213): include()
 2 SYSTEMPATH\View\View.php(216): CodeIgniter\View\View->CodeIgniter\View\{closure}()
 3 SYSTEMPATH\Common.php(1184): CodeIgniter\View\View->render('/salarios/salarios', [], true)
 4 APPPATH\Controllers\Salarios.php(35): view('/salarios/salarios', [...])
 5 SYSTEMPATH\CodeIgniter.php(934): App\Controllers\Salarios->salariosG('1')
 6 SYSTEMPATH\CodeIgniter.php(499): CodeIgniter\CodeIgniter->runController(Object(App\Controllers\Salarios))
 7 SYSTEMPATH\CodeIgniter.php(368): CodeIgniter\CodeIgniter->handleRequest(null, Object(Config\Cache), false)
 8 FCPATH\index.php(67): CodeIgniter\CodeIgniter->run()
CRITICAL - 2023-03-27 16:29:01 --> Cannot access offset of type string on string
in APPPATH\Views\salarios\salarios.php on line 30.
 1 SYSTEMPATH\View\View.php(213): include()
 2 SYSTEMPATH\View\View.php(216): CodeIgniter\View\View->CodeIgniter\View\{closure}()
 3 SYSTEMPATH\Common.php(1184): CodeIgniter\View\View->render('/salarios/salarios', [], true)
 4 APPPATH\Controllers\Salarios.php(35): view('/salarios/salarios', [...])
 5 SYSTEMPATH\CodeIgniter.php(934): App\Controllers\Salarios->salariosG('1')
 6 SYSTEMPATH\CodeIgniter.php(499): CodeIgniter\CodeIgniter->runController(Object(App\Controllers\Salarios))
 7 SYSTEMPATH\CodeIgniter.php(368): CodeIgniter\CodeIgniter->handleRequest(null, Object(Config\Cache), false)
 8 FCPATH\index.php(67): CodeIgniter\CodeIgniter->run()
CRITICAL - 2023-03-27 16:41:30 --> Undefined variable $dato
in APPPATH\Views\salarios\salarios.php on line 10.
 1 APPPATH\Views\salarios\salarios.php(10): CodeIgniter\Debug\Exceptions->errorHandler(2, 'Undefined variable $dato', 'APPPATH\\Views\\salarios\\salarios.php', 10)
 2 SYSTEMPATH\View\View.php(213): include('APPPATH\\Views\\salarios\\salarios.php')
 3 SYSTEMPATH\View\View.php(216): CodeIgniter\View\View->CodeIgniter\View\{closure}()
 4 SYSTEMPATH\Common.php(1184): CodeIgniter\View\View->render('/salarios/salarios', [], true)
 5 APPPATH\Controllers\Salarios.php(35): view('/salarios/salarios', [...])
 6 SYSTEMPATH\CodeIgniter.php(934): App\Controllers\Salarios->salariosG('3')
 7 SYSTEMPATH\CodeIgniter.php(499): CodeIgniter\CodeIgniter->runController(Object(App\Controllers\Salarios))
 8 SYSTEMPATH\CodeIgniter.php(368): CodeIgniter\CodeIgniter->handleRequest(null, Object(Config\Cache), false)
 9 FCPATH\index.php(67): CodeIgniter\CodeIgniter->run()
CRITICAL - 2023-03-27 16:51:34 --> Undefined variable $dato
in APPPATH\Views\salarios\salarios.php on line 10.
 1 APPPATH\Views\salarios\salarios.php(10): CodeIgniter\Debug\Exceptions->errorHandler(2, 'Undefined variable $dato', 'APPPATH\\Views\\salarios\\salarios.php', 10)
 2 SYSTEMPATH\View\View.php(213): include('APPPATH\\Views\\salarios\\salarios.php')
 3 SYSTEMPATH\View\View.php(216): CodeIgniter\View\View->CodeIgniter\View\{closure}()
 4 SYSTEMPATH\Common.php(1184): CodeIgniter\View\View->render('/salarios/salarios', [], true)
 5 APPPATH\Controllers\Salarios.php(35): view('/salarios/salarios', [...])
 6 SYSTEMPATH\CodeIgniter.php(934): App\Controllers\Salarios->salariosG('2')
 7 SYSTEMPATH\CodeIgniter.php(499): CodeIgniter\CodeIgniter->runController(Object(App\Controllers\Salarios))
 8 SYSTEMPATH\CodeIgniter.php(368): CodeIgniter\CodeIgniter->handleRequest(null, Object(Config\Cache), false)
 9 FCPATH\index.php(67): CodeIgniter\CodeIgniter->run()
CRITICAL - 2023-03-27 16:52:02 --> Undefined variable $slarios
in APPPATH\Views\salarios\salarios.php on line 10.
 1 APPPATH\Views\salarios\salarios.php(10): CodeIgniter\Debug\Exceptions->errorHandler(2, 'Undefined variable $slarios', 'APPPATH\\Views\\salarios\\salarios.php', 10)
 2 SYSTEMPATH\View\View.php(213): include('APPPATH\\Views\\salarios\\salarios.php')
 3 SYSTEMPATH\View\View.php(216): CodeIgniter\View\View->CodeIgniter\View\{closure}()
 4 SYSTEMPATH\Common.php(1184): CodeIgniter\View\View->render('/salarios/salarios', [], true)
 5 APPPATH\Controllers\Salarios.php(35): view('/salarios/salarios', [...])
 6 SYSTEMPATH\CodeIgniter.php(934): App\Controllers\Salarios->salariosG('2')
 7 SYSTEMPATH\CodeIgniter.php(499): CodeIgniter\CodeIgniter->runController(Object(App\Controllers\Salarios))
 8 SYSTEMPATH\CodeIgniter.php(368): CodeIgniter\CodeIgniter->handleRequest(null, Object(Config\Cache), false)
 9 FCPATH\index.php(67): CodeIgniter\CodeIgniter->run()
CRITICAL - 2023-03-27 16:52:18 --> Undefined array key "id"
in APPPATH\Views\salarios\salarios.php on line 10.
 1 APPPATH\Views\salarios\salarios.php(10): CodeIgniter\Debug\Exceptions->errorHandler(2, 'Undefined array key "id"', 'APPPATH\\Views\\salarios\\salarios.php', 10)
 2 SYSTEMPATH\View\View.php(213): include('APPPATH\\Views\\salarios\\salarios.php')
 3 SYSTEMPATH\View\View.php(216): CodeIgniter\View\View->CodeIgniter\View\{closure}()
 4 SYSTEMPATH\Common.php(1184): CodeIgniter\View\View->render('/salarios/salarios', [], true)
 5 APPPATH\Controllers\Salarios.php(35): view('/salarios/salarios', [...])
 6 SYSTEMPATH\CodeIgniter.php(934): App\Controllers\Salarios->salariosG('2')
 7 SYSTEMPATH\CodeIgniter.php(499): CodeIgniter\CodeIgniter->runController(Object(App\Controllers\Salarios))
 8 SYSTEMPATH\CodeIgniter.php(368): CodeIgniter\CodeIgniter->handleRequest(null, Object(Config\Cache), false)
 9 FCPATH\index.php(67): CodeIgniter\CodeIgniter->run()
CRITICAL - 2023-03-27 16:52:19 --> Undefined array key "id"
in APPPATH\Views\salarios\salarios.php on line 10.
 1 APPPATH\Views\salarios\salarios.php(10): CodeIgniter\Debug\Exceptions->errorHandler(2, 'Undefined array key "id"', 'APPPATH\\Views\\salarios\\salarios.php', 10)
 2 SYSTEMPATH\View\View.php(213): include('APPPATH\\Views\\salarios\\salarios.php')
 3 SYSTEMPATH\View\View.php(216): CodeIgniter\View\View->CodeIgniter\View\{closure}()
 4 SYSTEMPATH\Common.php(1184): CodeIgniter\View\View->render('/salarios/salarios', [], true)
 5 APPPATH\Controllers\Salarios.php(35): view('/salarios/salarios', [...])
 6 SYSTEMPATH\CodeIgniter.php(934): App\Controllers\Salarios->salariosG('2')
 7 SYSTEMPATH\CodeIgniter.php(499): CodeIgniter\CodeIgniter->runController(Object(App\Controllers\Salarios))
 8 SYSTEMPATH\CodeIgniter.php(368): CodeIgniter\CodeIgniter->handleRequest(null, Object(Config\Cache), false)
 9 FCPATH\index.php(67): CodeIgniter\CodeIgniter->run()
CRITICAL - 2023-03-27 16:52:19 --> Undefined array key "id"
in APPPATH\Views\salarios\salarios.php on line 10.
 1 APPPATH\Views\salarios\salarios.php(10): CodeIgniter\Debug\Exceptions->errorHandler(2, 'Undefined array key "id"', 'APPPATH\\Views\\salarios\\salarios.php', 10)
 2 SYSTEMPATH\View\View.php(213): include('APPPATH\\Views\\salarios\\salarios.php')
 3 SYSTEMPATH\View\View.php(216): CodeIgniter\View\View->CodeIgniter\View\{closure}()
 4 SYSTEMPATH\Common.php(1184): CodeIgniter\View\View->render('/salarios/salarios', [], true)
 5 APPPATH\Controllers\Salarios.php(35): view('/salarios/salarios', [...])
 6 SYSTEMPATH\CodeIgniter.php(934): App\Controllers\Salarios->salariosG('2')
 7 SYSTEMPATH\CodeIgniter.php(499): CodeIgniter\CodeIgniter->runController(Object(App\Controllers\Salarios))
 8 SYSTEMPATH\CodeIgniter.php(368): CodeIgniter\CodeIgniter->handleRequest(null, Object(Config\Cache), false)
 9 FCPATH\index.php(67): CodeIgniter\CodeIgniter->run()
CRITICAL - 2023-03-27 16:52:19 --> Undefined array key "id"
in APPPATH\Views\salarios\salarios.php on line 10.
 1 APPPATH\Views\salarios\salarios.php(10): CodeIgniter\Debug\Exceptions->errorHandler(2, 'Undefined array key "id"', 'APPPATH\\Views\\salarios\\salarios.php', 10)
 2 SYSTEMPATH\View\View.php(213): include('APPPATH\\Views\\salarios\\salarios.php')
 3 SYSTEMPATH\View\View.php(216): CodeIgniter\View\View->CodeIgniter\View\{closure}()
 4 SYSTEMPATH\Common.php(1184): CodeIgniter\View\View->render('/salarios/salarios', [], true)
 5 APPPATH\Controllers\Salarios.php(35): view('/salarios/salarios', [...])
 6 SYSTEMPATH\CodeIgniter.php(934): App\Controllers\Salarios->salariosG('2')
 7 SYSTEMPATH\CodeIgniter.php(499): CodeIgniter\CodeIgniter->runController(Object(App\Controllers\Salarios))
 8 SYSTEMPATH\CodeIgniter.php(368): CodeIgniter\CodeIgniter->handleRequest(null, Object(Config\Cache), false)
 9 FCPATH\index.php(67): CodeIgniter\CodeIgniter->run()
CRITICAL - 2023-03-27 16:55:11 --> Undefined variable $dato
in APPPATH\Views\salarios\salarios.php on line 10.
 1 APPPATH\Views\salarios\salarios.php(10): CodeIgniter\Debug\Exceptions->errorHandler(2, 'Undefined variable $dato', 'APPPATH\\Views\\salarios\\salarios.php', 10)
 2 SYSTEMPATH\View\View.php(213): include('APPPATH\\Views\\salarios\\salarios.php')
 3 SYSTEMPATH\View\View.php(216): CodeIgniter\View\View->CodeIgniter\View\{closure}()
 4 SYSTEMPATH\Common.php(1184): CodeIgniter\View\View->render('/salarios/salarios', [], true)
 5 APPPATH\Controllers\Salarios.php(35): view('/salarios/salarios', [...])
 6 SYSTEMPATH\CodeIgniter.php(934): App\Controllers\Salarios->salariosG('2')
 7 SYSTEMPATH\CodeIgniter.php(499): CodeIgniter\CodeIgniter->runController(Object(App\Controllers\Salarios))
 8 SYSTEMPATH\CodeIgniter.php(368): CodeIgniter\CodeIgniter->handleRequest(null, Object(Config\Cache), false)
 9 FCPATH\index.php(67): CodeIgniter\CodeIgniter->run()
CRITICAL - 2023-03-27 16:55:39 --> Undefined array key "id"
in APPPATH\Views\salarios\salarios.php on line 10.
 1 APPPATH\Views\salarios\salarios.php(10): CodeIgniter\Debug\Exceptions->errorHandler(2, 'Undefined array key "id"', 'APPPATH\\Views\\salarios\\salarios.php', 10)
 2 SYSTEMPATH\View\View.php(213): include('APPPATH\\Views\\salarios\\salarios.php')
 3 SYSTEMPATH\View\View.php(216): CodeIgniter\View\View->CodeIgniter\View\{closure}()
 4 SYSTEMPATH\Common.php(1184): CodeIgniter\View\View->render('/salarios/salarios', [], true)
 5 APPPATH\Controllers\Salarios.php(35): view('/salarios/salarios', [...])
 6 SYSTEMPATH\CodeIgniter.php(934): App\Controllers\Salarios->salariosG('2')
 7 SYSTEMPATH\CodeIgniter.php(499): CodeIgniter\CodeIgniter->runController(Object(App\Controllers\Salarios))
 8 SYSTEMPATH\CodeIgniter.php(368): CodeIgniter\CodeIgniter->handleRequest(null, Object(Config\Cache), false)
 9 FCPATH\index.php(67): CodeIgniter\CodeIgniter->run()
CRITICAL - 2023-03-27 17:01:15 --> Undefined variable $dato
in APPPATH\Views\salarios\salarios.php on line 11.
 1 APPPATH\Views\salarios\salarios.php(11): CodeIgniter\Debug\Exceptions->errorHandler(2, 'Undefined variable $dato', 'APPPATH\\Views\\salarios\\salarios.php', 11)
 2 SYSTEMPATH\View\View.php(213): include('APPPATH\\Views\\salarios\\salarios.php')
 3 SYSTEMPATH\View\View.php(216): CodeIgniter\View\View->CodeIgniter\View\{closure}()
 4 SYSTEMPATH\Common.php(1184): CodeIgniter\View\View->render('/salarios/salarios', [], true)
 5 APPPATH\Controllers\Salarios.php(35): view('/salarios/salarios', [...])
 6 SYSTEMPATH\CodeIgniter.php(934): App\Controllers\Salarios->salariosG('3')
 7 SYSTEMPATH\CodeIgniter.php(499): CodeIgniter\CodeIgniter->runController(Object(App\Controllers\Salarios))
 8 SYSTEMPATH\CodeIgniter.php(368): CodeIgniter\CodeIgniter->handleRequest(null, Object(Config\Cache), false)
 9 FCPATH\index.php(67): CodeIgniter\CodeIgniter->run()
CRITICAL - 2023-03-27 17:01:19 --> Undefined variable $dato
in APPPATH\Views\salarios\salarios.php on line 11.
 1 APPPATH\Views\salarios\salarios.php(11): CodeIgniter\Debug\Exceptions->errorHandler(2, 'Undefined variable $dato', 'APPPATH\\Views\\salarios\\salarios.php', 11)
 2 SYSTEMPATH\View\View.php(213): include('APPPATH\\Views\\salarios\\salarios.php')
 3 SYSTEMPATH\View\View.php(216): CodeIgniter\View\View->CodeIgniter\View\{closure}()
 4 SYSTEMPATH\Common.php(1184): CodeIgniter\View\View->render('/salarios/salarios', [], true)
 5 APPPATH\Controllers\Salarios.php(35): view('/salarios/salarios', [...])
 6 SYSTEMPATH\CodeIgniter.php(934): App\Controllers\Salarios->salariosG('3')
 7 SYSTEMPATH\CodeIgniter.php(499): CodeIgniter\CodeIgniter->runController(Object(App\Controllers\Salarios))
 8 SYSTEMPATH\CodeIgniter.php(368): CodeIgniter\CodeIgniter->handleRequest(null, Object(Config\Cache), false)
 9 FCPATH\index.php(67): CodeIgniter\CodeIgniter->run()
CRITICAL - 2023-03-27 17:01:29 --> Undefined variable $dato
in APPPATH\Views\salarios\salarios.php on line 11.
 1 APPPATH\Views\salarios\salarios.php(11): CodeIgniter\Debug\Exceptions->errorHandler(2, 'Undefined variable $dato', 'APPPATH\\Views\\salarios\\salarios.php', 11)
 2 SYSTEMPATH\View\View.php(213): include('APPPATH\\Views\\salarios\\salarios.php')
 3 SYSTEMPATH\View\View.php(216): CodeIgniter\View\View->CodeIgniter\View\{closure}()
 4 SYSTEMPATH\Common.php(1184): CodeIgniter\View\View->render('/salarios/salarios', [], true)
 5 APPPATH\Controllers\Salarios.php(35): view('/salarios/salarios', [...])
 6 SYSTEMPATH\CodeIgniter.php(934): App\Controllers\Salarios->salariosG('3')
 7 SYSTEMPATH\CodeIgniter.php(499): CodeIgniter\CodeIgniter->runController(Object(App\Controllers\Salarios))
 8 SYSTEMPATH\CodeIgniter.php(368): CodeIgniter\CodeIgniter->handleRequest(null, Object(Config\Cache), false)
 9 FCPATH\index.php(67): CodeIgniter\CodeIgniter->run()
CRITICAL - 2023-03-27 17:02:29 --> Undefined variable $dato
in APPPATH\Views\salarios\salarios.php on line 11.
 1 APPPATH\Views\salarios\salarios.php(11): CodeIgniter\Debug\Exceptions->errorHandler(2, 'Undefined variable $dato', 'APPPATH\\Views\\salarios\\salarios.php', 11)
 2 SYSTEMPATH\View\View.php(213): include('APPPATH\\Views\\salarios\\salarios.php')
 3 SYSTEMPATH\View\View.php(216): CodeIgniter\View\View->CodeIgniter\View\{closure}()
 4 SYSTEMPATH\Common.php(1184): CodeIgniter\View\View->render('/salarios/salarios', [], true)
 5 APPPATH\Controllers\Salarios.php(35): view('/salarios/salarios', [...])
 6 SYSTEMPATH\CodeIgniter.php(934): App\Controllers\Salarios->salariosG('6')
 7 SYSTEMPATH\CodeIgniter.php(499): CodeIgniter\CodeIgniter->runController(Object(App\Controllers\Salarios))
 8 SYSTEMPATH\CodeIgniter.php(368): CodeIgniter\CodeIgniter->handleRequest(null, Object(Config\Cache), false)
 9 FCPATH\index.php(67): CodeIgniter\CodeIgniter->run()
CRITICAL - 2023-03-27 17:02:33 --> Undefined variable $dato
in APPPATH\Views\salarios\salarios.php on line 11.
 1 APPPATH\Views\salarios\salarios.php(11): CodeIgniter\Debug\Exceptions->errorHandler(2, 'Undefined variable $dato', 'APPPATH\\Views\\salarios\\salarios.php', 11)
 2 SYSTEMPATH\View\View.php(213): include('APPPATH\\Views\\salarios\\salarios.php')
 3 SYSTEMPATH\View\View.php(216): CodeIgniter\View\View->CodeIgniter\View\{closure}()
 4 SYSTEMPATH\Common.php(1184): CodeIgniter\View\View->render('/salarios/salarios', [], true)
 5 APPPATH\Controllers\Salarios.php(35): view('/salarios/salarios', [...])
 6 SYSTEMPATH\CodeIgniter.php(934): App\Controllers\Salarios->salariosG('6')
 7 SYSTEMPATH\CodeIgniter.php(499): CodeIgniter\CodeIgniter->runController(Object(App\Controllers\Salarios))
 8 SYSTEMPATH\CodeIgniter.php(368): CodeIgniter\CodeIgniter->handleRequest(null, Object(Config\Cache), false)
 9 FCPATH\index.php(67): CodeIgniter\CodeIgniter->run()
